
*** Running vivado
    with args -log au_top_0.vdi -applog -m64 -product Vivado -messageDb vivado.pb -mode batch -source au_top_0.tcl -notrace



****** Vivado v2020.2 (64-bit)
  **** SW Build 3064766 on Wed Nov 18 09:12:45 MST 2020
  **** IP Build 3064653 on Wed Nov 18 14:17:31 MST 2020
    ** Copyright 1986-2020 Xilinx, Inc. All Rights Reserved.

source au_top_0.tcl -notrace
Command: link_design -top au_top_0 -part xc7a35tftg256-1
Design is defaulting to srcset: sources_1
Design is defaulting to constrset: constrs_1
INFO: [Device 21-403] Loading part xc7a35tftg256-1
Netlist sorting complete. Time (s): cpu = 00:00:00 ; elapsed = 00:00:00.037 . Memory (MB): peak = 1000.195 ; gain = 0.000
INFO: [Netlist 29-17] Analyzing 48 Unisim elements for replacement
INFO: [Netlist 29-28] Unisim Transformation completed in 0 CPU seconds
INFO: [Project 1-479] Netlist was created with Vivado 2020.2
INFO: [Project 1-570] Preparing netlist for logic optimization
Parsing XDC File [C:/Users/cajhm/OneDrive - Singapore University of Technology and Design/Y2T4/compstruct1d/stackergame_latest/work/constraint/alchitry.xdc]
Finished Parsing XDC File [C:/Users/cajhm/OneDrive - Singapore University of Technology and Design/Y2T4/compstruct1d/stackergame_latest/work/constraint/alchitry.xdc]
Parsing XDC File [C:/Users/cajhm/OneDrive - Singapore University of Technology and Design/Y2T4/compstruct1d/stackergame_latest/constraint/au.xdc]
Finished Parsing XDC File [C:/Users/cajhm/OneDrive - Singapore University of Technology and Design/Y2T4/compstruct1d/stackergame_latest/constraint/au.xdc]
Parsing XDC File [C:/Users/cajhm/OneDrive - Singapore University of Technology and Design/Y2T4/compstruct1d/stackergame_latest/work/constraint/custom.xdc]
Finished Parsing XDC File [C:/Users/cajhm/OneDrive - Singapore University of Technology and Design/Y2T4/compstruct1d/stackergame_latest/work/constraint/custom.xdc]
Parsing XDC File [C:/Users/cajhm/OneDrive - Singapore University of Technology and Design/Y2T4/compstruct1d/stackergame_latest/work/constraint/io.xdc]
Finished Parsing XDC File [C:/Users/cajhm/OneDrive - Singapore University of Technology and Design/Y2T4/compstruct1d/stackergame_latest/work/constraint/io.xdc]
INFO: [Opt 31-138] Pushed 0 inverter(s) to 0 load pin(s).
Netlist sorting complete. Time (s): cpu = 00:00:00 ; elapsed = 00:00:00.001 . Memory (MB): peak = 1000.195 ; gain = 0.000
INFO: [Project 1-111] Unisim Transformation Summary:
No Unisim elements were transformed.

7 Infos, 0 Warnings, 0 Critical Warnings and 0 Errors encountered.
link_design completed successfully
link_design: Time (s): cpu = 00:00:09 ; elapsed = 00:00:11 . Memory (MB): peak = 1000.195 ; gain = 0.000
Command: opt_design
Attempting to get a license for feature 'Implementation' and/or device 'xc7a35t'
INFO: [Common 17-349] Got license for feature 'Implementation' and/or device 'xc7a35t'
Running DRC as a precondition to command opt_design

Starting DRC Task
INFO: [DRC 23-27] Running DRC with 2 threads
INFO: [Project 1-461] DRC finished with 0 Errors
INFO: [Project 1-462] Please refer to the DRC report (report_drc) for more information.

Time (s): cpu = 00:00:02 ; elapsed = 00:00:01 . Memory (MB): peak = 1000.195 ; gain = 0.000

Starting Cache Timing Information Task
INFO: [Timing 38-35] Done setting XDC timing constraints.
Ending Cache Timing Information Task | Checksum: 1e15f5c7d

Time (s): cpu = 00:00:09 ; elapsed = 00:00:09 . Memory (MB): peak = 1245.188 ; gain = 244.992

Starting Logic Optimization Task

Phase 1 Retarget
INFO: [Opt 31-138] Pushed 0 inverter(s) to 0 load pin(s).
INFO: [Opt 31-49] Retargeted 0 cell(s).
Phase 1 Retarget | Checksum: 254e5da50

Time (s): cpu = 00:00:00 ; elapsed = 00:00:00.064 . Memory (MB): peak = 1457.121 ; gain = 0.000
INFO: [Opt 31-389] Phase Retarget created 0 cells and removed 10 cells

Phase 2 Constant propagation
INFO: [Opt 31-138] Pushed 0 inverter(s) to 0 load pin(s).
Phase 2 Constant propagation | Checksum: 254e5da50

Time (s): cpu = 00:00:00 ; elapsed = 00:00:00.074 . Memory (MB): peak = 1457.121 ; gain = 0.000
INFO: [Opt 31-389] Phase Constant propagation created 0 cells and removed 0 cells

Phase 3 Sweep
Phase 3 Sweep | Checksum: 1a19c3d21

Time (s): cpu = 00:00:00 ; elapsed = 00:00:00.094 . Memory (MB): peak = 1457.121 ; gain = 0.000
INFO: [Opt 31-389] Phase Sweep created 6 cells and removed 0 cells

Phase 4 BUFG optimization
Phase 4 BUFG optimization | Checksum: 1a19c3d21

Time (s): cpu = 00:00:00 ; elapsed = 00:00:00.110 . Memory (MB): peak = 1457.121 ; gain = 0.000
INFO: [Opt 31-662] Phase BUFG optimization created 0 cells of which 0 are BUFGs and removed 0 cells.

Phase 5 Shift Register Optimization
INFO: [Opt 31-1064] SRL Remap converted 0 SRLs to 0 registers and converted 0 registers of register chains to 0 SRLs
Phase 5 Shift Register Optimization | Checksum: 1a19c3d21

Time (s): cpu = 00:00:00 ; elapsed = 00:00:00.113 . Memory (MB): peak = 1457.121 ; gain = 0.000
INFO: [Opt 31-389] Phase Shift Register Optimization created 0 cells and removed 0 cells

Phase 6 Post Processing Netlist
Phase 6 Post Processing Netlist | Checksum: 18b080975

Time (s): cpu = 00:00:00 ; elapsed = 00:00:00.122 . Memory (MB): peak = 1457.121 ; gain = 0.000
INFO: [Opt 31-389] Phase Post Processing Netlist created 0 cells and removed 0 cells
Opt_design Change Summary
=========================


-------------------------------------------------------------------------------------------------------------------------
|  Phase                        |  #Cells created  |  #Cells Removed  |  #Constrained objects preventing optimizations  |
-------------------------------------------------------------------------------------------------------------------------
|  Retarget                     |               0  |              10  |                                              0  |
|  Constant propagation         |               0  |               0  |                                              0  |
|  Sweep                        |               6  |               0  |                                              0  |
|  BUFG optimization            |               0  |               0  |                                              0  |
|  Shift Register Optimization  |               0  |               0  |                                              0  |
|  Post Processing Netlist      |               0  |               0  |                                              0  |
-------------------------------------------------------------------------------------------------------------------------



Starting Connectivity Check Task

Time (s): cpu = 00:00:00 ; elapsed = 00:00:00.005 . Memory (MB): peak = 1457.121 ; gain = 0.000
Ending Logic Optimization Task | Checksum: 120e37cd0

Time (s): cpu = 00:00:00 ; elapsed = 00:00:00.182 . Memory (MB): peak = 1457.121 ; gain = 0.000

Starting Power Optimization Task
INFO: [Pwropt 34-132] Skipping clock gating for clocks with a period < 2.00 ns.
Ending Power Optimization Task | Checksum: 120e37cd0

Time (s): cpu = 00:00:00 ; elapsed = 00:00:00.009 . Memory (MB): peak = 1457.121 ; gain = 0.000

Starting Final Cleanup Task
Ending Final Cleanup Task | Checksum: 120e37cd0

Time (s): cpu = 00:00:00 ; elapsed = 00:00:00 . Memory (MB): peak = 1457.121 ; gain = 0.000

Starting Netlist Obfuscation Task
Netlist sorting complete. Time (s): cpu = 00:00:00 ; elapsed = 00:00:00.001 . Memory (MB): peak = 1457.121 ; gain = 0.000
Ending Netlist Obfuscation Task | Checksum: 120e37cd0

Time (s): cpu = 00:00:00 ; elapsed = 00:00:00.001 . Memory (MB): peak = 1457.121 ; gain = 0.000
INFO: [Common 17-83] Releasing license: Implementation
24 Infos, 0 Warnings, 0 Critical Warnings and 0 Errors encountered.
opt_design completed successfully
opt_design: Time (s): cpu = 00:00:14 ; elapsed = 00:00:13 . Memory (MB): peak = 1457.121 ; gain = 456.926
INFO: [Timing 38-480] Writing timing data to binary archive.
Writing placer database...
Writing XDEF routing.
Writing XDEF routing logical nets.
Writing XDEF routing special nets.
Write XDEF Complete: Time (s): cpu = 00:00:00 ; elapsed = 00:00:00.047 . Memory (MB): peak = 1457.121 ; gain = 0.000
INFO: [Common 17-1381] The checkpoint 'C:/Users/cajhm/OneDrive - Singapore University of Technology and Design/Y2T4/compstruct1d/stackergame_latest/work/vivado/stackergame_latest/stackergame_latest.runs/impl_1/au_top_0_opt.dcp' has been generated.
INFO: [runtcl-4] Executing : report_drc -file au_top_0_drc_opted.rpt -pb au_top_0_drc_opted.pb -rpx au_top_0_drc_opted.rpx
Command: report_drc -file au_top_0_drc_opted.rpt -pb au_top_0_drc_opted.pb -rpx au_top_0_drc_opted.rpx
INFO: [IP_Flow 19-234] Refreshing IP repositories
INFO: [IP_Flow 19-1704] No user IP repositories specified
INFO: [IP_Flow 19-2313] Loaded Vivado IP repository 'C:/Xilinx/Vivado/2020.2/data/ip'.
INFO: [Timing 38-35] Done setting XDC timing constraints.
INFO: [DRC 23-27] Running DRC with 2 threads
INFO: [Coretcl 2-168] The results of DRC are in file C:/Users/cajhm/OneDrive - Singapore University of Technology and Design/Y2T4/compstruct1d/stackergame_latest/work/vivado/stackergame_latest/stackergame_latest.runs/impl_1/au_top_0_drc_opted.rpt.
report_drc completed successfully
Command: place_design
Attempting to get a license for feature 'Implementation' and/or device 'xc7a35t'
INFO: [Common 17-349] Got license for feature 'Implementation' and/or device 'xc7a35t'
INFO: [DRC 23-27] Running DRC with 2 threads
INFO: [Vivado_Tcl 4-198] DRC finished with 0 Errors
INFO: [Vivado_Tcl 4-199] Please refer to the DRC report (report_drc) for more information.
Running DRC as a precondition to command place_design
INFO: [DRC 23-27] Running DRC with 2 threads
INFO: [Vivado_Tcl 4-198] DRC finished with 0 Errors
INFO: [Vivado_Tcl 4-199] Please refer to the DRC report (report_drc) for more information.

Starting Placer Task
INFO: [Place 30-611] Multithreading enabled for place_design using a maximum of 2 CPUs

Phase 1 Placer Initialization

Phase 1.1 Placer Initialization Netlist Sorting
Netlist sorting complete. Time (s): cpu = 00:00:00 ; elapsed = 00:00:00.001 . Memory (MB): peak = 1500.246 ; gain = 0.000
Phase 1.1 Placer Initialization Netlist Sorting | Checksum: 8bed05bd

Time (s): cpu = 00:00:00 ; elapsed = 00:00:00.012 . Memory (MB): peak = 1500.246 ; gain = 0.000
Netlist sorting complete. Time (s): cpu = 00:00:00 ; elapsed = 00:00:00.001 . Memory (MB): peak = 1500.246 ; gain = 0.000

Phase 1.2 IO Placement/ Clock Placement/ Build Placer Device
Phase 1.2 IO Placement/ Clock Placement/ Build Placer Device | Checksum: 150fec4da

Time (s): cpu = 00:00:01 ; elapsed = 00:00:00.440 . Memory (MB): peak = 1500.246 ; gain = 0.000

Phase 1.3 Build Placer Netlist Model
Phase 1.3 Build Placer Netlist Model | Checksum: 1cc07330e

Time (s): cpu = 00:00:01 ; elapsed = 00:00:00.676 . Memory (MB): peak = 1500.246 ; gain = 0.000

Phase 1.4 Constrain Clocks/Macros
Phase 1.4 Constrain Clocks/Macros | Checksum: 1cc07330e

Time (s): cpu = 00:00:01 ; elapsed = 00:00:00.680 . Memory (MB): peak = 1500.246 ; gain = 0.000
Phase 1 Placer Initialization | Checksum: 1cc07330e

Time (s): cpu = 00:00:01 ; elapsed = 00:00:00.685 . Memory (MB): peak = 1500.246 ; gain = 0.000

Phase 2 Global Placement

Phase 2.1 Floorplanning
Phase 2.1 Floorplanning | Checksum: 19aab6c1d

Time (s): cpu = 00:00:02 ; elapsed = 00:00:00.847 . Memory (MB): peak = 1500.246 ; gain = 0.000

Phase 2.2 Update Timing before SLR Path Opt
Phase 2.2 Update Timing before SLR Path Opt | Checksum: 233fbff3c

Time (s): cpu = 00:00:02 ; elapsed = 00:00:00.936 . Memory (MB): peak = 1500.246 ; gain = 0.000

Phase 2.3 Global Placement Core

Phase 2.3.1 Physical Synthesis In Placer
INFO: [Physopt 32-1035] Found 73 LUTNM shape to break, 11 LUT instances to create LUTNM shape
INFO: [Physopt 32-1044] Break lutnm for timing: one critical 18, two critical 55, total 73, new lutff created 0
INFO: [Physopt 32-775] End 1 Pass. Optimized 76 nets or cells. Created 73 new cells, deleted 3 existing cells and moved 0 existing cell
INFO: [Physopt 32-65] No nets found for high-fanout optimization.
INFO: [Physopt 32-232] Optimized 0 net. Created 0 new instance.
INFO: [Physopt 32-775] End 1 Pass. Optimized 0 net or cell. Created 0 new cell, deleted 0 existing cell and moved 0 existing cell
INFO: [Physopt 32-456] No candidate cells for DSP register optimization found in the design.
INFO: [Physopt 32-775] End 2 Pass. Optimized 0 net or cell. Created 0 new cell, deleted 0 existing cell and moved 0 existing cell
INFO: [Physopt 32-1123] No candidate cells found for Shift Register to Pipeline optimization
INFO: [Physopt 32-775] End 1 Pass. Optimized 0 net or cell. Created 0 new cell, deleted 0 existing cell and moved 0 existing cell
INFO: [Physopt 32-677] No candidate cells for Shift Register optimization found in the design
INFO: [Physopt 32-775] End 1 Pass. Optimized 0 net or cell. Created 0 new cell, deleted 0 existing cell and moved 0 existing cell
INFO: [Physopt 32-526] No candidate cells for BRAM register optimization found in the design
INFO: [Physopt 32-775] End 1 Pass. Optimized 0 net or cell. Created 0 new cell, deleted 0 existing cell and moved 0 existing cell
INFO: [Physopt 32-846] No candidate cells for URAM register optimization found in the design
INFO: [Physopt 32-775] End 2 Pass. Optimized 0 net or cell. Created 0 new cell, deleted 0 existing cell and moved 0 existing cell
INFO: [Physopt 32-949] No candidate nets found for dynamic/static region interface net replication
INFO: [Physopt 32-775] End 1 Pass. Optimized 0 net or cell. Created 0 new cell, deleted 0 existing cell and moved 0 existing cell
Netlist sorting complete. Time (s): cpu = 00:00:00 ; elapsed = 00:00:00.001 . Memory (MB): peak = 1500.246 ; gain = 0.000

Summary of Physical Synthesis Optimizations
============================================


-----------------------------------------------------------------------------------------------------------------------------------------------------------
|  Optimization                                     |  Added Cells  |  Removed Cells  |  Optimized Cells/Nets  |  Dont Touch  |  Iterations  |  Elapsed   |
-----------------------------------------------------------------------------------------------------------------------------------------------------------
|  LUT Combining                                    |           73  |              3  |                    76  |           0  |           1  |  00:00:00  |
|  Very High Fanout                                 |            0  |              0  |                     0  |           0  |           1  |  00:00:00  |
|  DSP Register                                     |            0  |              0  |                     0  |           0  |           1  |  00:00:00  |
|  Shift Register to Pipeline                       |            0  |              0  |                     0  |           0  |           1  |  00:00:00  |
|  Shift Register                                   |            0  |              0  |                     0  |           0  |           1  |  00:00:00  |
|  BRAM Register                                    |            0  |              0  |                     0  |           0  |           1  |  00:00:00  |
|  URAM Register                                    |            0  |              0  |                     0  |           0  |           1  |  00:00:00  |
|  Dynamic/Static Region Interface Net Replication  |            0  |              0  |                     0  |           0  |           1  |  00:00:00  |
|  Total                                            |           73  |              3  |                    76  |           0  |           8  |  00:00:00  |
-----------------------------------------------------------------------------------------------------------------------------------------------------------


Phase 2.3.1 Physical Synthesis In Placer | Checksum: 204828d09

Time (s): cpu = 00:00:09 ; elapsed = 00:00:04 . Memory (MB): peak = 1500.246 ; gain = 0.000
Phase 2.3 Global Placement Core | Checksum: 25fd809b3

Time (s): cpu = 00:00:09 ; elapsed = 00:00:04 . Memory (MB): peak = 1500.246 ; gain = 0.000
Phase 2 Global Placement | Checksum: 25fd809b3

Time (s): cpu = 00:00:09 ; elapsed = 00:00:04 . Memory (MB): peak = 1500.246 ; gain = 0.000

Phase 3 Detail Placement

Phase 3.1 Commit Multi Column Macros
Phase 3.1 Commit Multi Column Macros | Checksum: 2422605c6

Time (s): cpu = 00:00:09 ; elapsed = 00:00:05 . Memory (MB): peak = 1500.246 ; gain = 0.000

Phase 3.2 Commit Most Macros & LUTRAMs
Phase 3.2 Commit Most Macros & LUTRAMs | Checksum: 1ef5764d8

Time (s): cpu = 00:00:09 ; elapsed = 00:00:05 . Memory (MB): peak = 1500.246 ; gain = 0.000

Phase 3.3 Area Swap Optimization
Phase 3.3 Area Swap Optimization | Checksum: 1d5d1c655

Time (s): cpu = 00:00:09 ; elapsed = 00:00:05 . Memory (MB): peak = 1500.246 ; gain = 0.000

Phase 3.4 Pipeline Register Optimization
Phase 3.4 Pipeline Register Optimization | Checksum: 262e71881

Time (s): cpu = 00:00:09 ; elapsed = 00:00:05 . Memory (MB): peak = 1500.246 ; gain = 0.000

Phase 3.5 Fast Optimization
Phase 3.5 Fast Optimization | Checksum: 2859d3e52

Time (s): cpu = 00:00:11 ; elapsed = 00:00:07 . Memory (MB): peak = 1500.246 ; gain = 0.000

Phase 3.6 Small Shape Detail Placement
Phase 3.6 Small Shape Detail Placement | Checksum: 256f940ef

Time (s): cpu = 00:00:12 ; elapsed = 00:00:07 . Memory (MB): peak = 1500.246 ; gain = 0.000

Phase 3.7 Re-assign LUT pins
Phase 3.7 Re-assign LUT pins | Checksum: 1d4402a20

Time (s): cpu = 00:00:12 ; elapsed = 00:00:08 . Memory (MB): peak = 1500.246 ; gain = 0.000

Phase 3.8 Pipeline Register Optimization
Phase 3.8 Pipeline Register Optimization | Checksum: 265bb3aa3

Time (s): cpu = 00:00:12 ; elapsed = 00:00:08 . Memory (MB): peak = 1500.246 ; gain = 0.000

Phase 3.9 Fast Optimization
Phase 3.9 Fast Optimization | Checksum: 1d09b9564

Time (s): cpu = 00:00:16 ; elapsed = 00:00:11 . Memory (MB): peak = 1500.246 ; gain = 0.000
Phase 3 Detail Placement | Checksum: 1d09b9564

Time (s): cpu = 00:00:16 ; elapsed = 00:00:11 . Memory (MB): peak = 1500.246 ; gain = 0.000

Phase 4 Post Placement Optimization and Clean-Up

Phase 4.1 Post Commit Optimization
INFO: [Timing 38-35] Done setting XDC timing constraints.

Phase 4.1.1 Post Placement Optimization
Post Placement Optimization Initialization | Checksum: 1b0c3e242

Phase 4.1.1.1 BUFG Insertion

Starting Physical Synthesis Task

Phase 1 Physical Synthesis Initialization
INFO: [Physopt 32-721] Multithreading enabled for phys_opt_design using a maximum of 2 CPUs
INFO: [Physopt 32-619] Estimated Timing Summary | WNS=-2.838 | TNS=-364.806 |
Phase 1 Physical Synthesis Initialization | Checksum: 1c4ef2fe6

Time (s): cpu = 00:00:00 ; elapsed = 00:00:00.044 . Memory (MB): peak = 1500.246 ; gain = 0.000
INFO: [Place 46-56] BUFG insertion identified 0 candidate nets. Inserted BUFG: 0, Replicated BUFG Driver: 0, Skipped due to Placement/Routing Conflicts: 0, Skipped due to Timing Degradation: 0, Skipped due to Illegal Netlist: 0.
Ending Physical Synthesis Task | Checksum: 1d00cad94

Time (s): cpu = 00:00:00 ; elapsed = 00:00:00.048 . Memory (MB): peak = 1500.246 ; gain = 0.000
Phase 4.1.1.1 BUFG Insertion | Checksum: 1b0c3e242

Time (s): cpu = 00:00:16 ; elapsed = 00:00:12 . Memory (MB): peak = 1500.246 ; gain = 0.000
INFO: [Place 30-746] Post Placement Timing Summary WNS=-0.580. For the most accurate timing information please run report_timing.

Time (s): cpu = 00:00:28 ; elapsed = 00:00:24 . Memory (MB): peak = 1500.246 ; gain = 0.000
Phase 4.1 Post Commit Optimization | Checksum: 1848e3e83

Time (s): cpu = 00:00:28 ; elapsed = 00:00:24 . Memory (MB): peak = 1500.246 ; gain = 0.000

Phase 4.2 Post Placement Cleanup
Phase 4.2 Post Placement Cleanup | Checksum: 1848e3e83

Time (s): cpu = 00:00:28 ; elapsed = 00:00:24 . Memory (MB): peak = 1500.246 ; gain = 0.000

Phase 4.3 Placer Reporting

Phase 4.3.1 Print Estimated Congestion
INFO: [Place 30-612] Post-Placement Estimated Congestion 
 ____________________________________________________
|           | Global Congestion | Short Congestion  |
| Direction | Region Size       | Region Size       |
|___________|___________________|___________________|
|      North|                1x1|                2x2|
|___________|___________________|___________________|
|      South|                1x1|                2x2|
|___________|___________________|___________________|
|       East|                1x1|                1x1|
|___________|___________________|___________________|
|       West|                1x1|                1x1|
|___________|___________________|___________________|

Phase 4.3.1 Print Estimated Congestion | Checksum: 1848e3e83

Time (s): cpu = 00:00:28 ; elapsed = 00:00:24 . Memory (MB): peak = 1500.246 ; gain = 0.000
Phase 4.3 Placer Reporting | Checksum: 1848e3e83

Time (s): cpu = 00:00:28 ; elapsed = 00:00:24 . Memory (MB): peak = 1500.246 ; gain = 0.000

Phase 4.4 Final Placement Cleanup
Netlist sorting complete. Time (s): cpu = 00:00:00 ; elapsed = 00:00:00 . Memory (MB): peak = 1500.246 ; gain = 0.000

Time (s): cpu = 00:00:28 ; elapsed = 00:00:24 . Memory (MB): peak = 1500.246 ; gain = 0.000
Phase 4 Post Placement Optimization and Clean-Up | Checksum: d0509b83

Time (s): cpu = 00:00:28 ; elapsed = 00:00:24 . Memory (MB): peak = 1500.246 ; gain = 0.000
Ending Placer Task | Checksum: 7dc487ea

Time (s): cpu = 00:00:28 ; elapsed = 00:00:24 . Memory (MB): peak = 1500.246 ; gain = 0.000
INFO: [Common 17-83] Releasing license: Implementation
66 Infos, 0 Warnings, 0 Critical Warnings and 0 Errors encountered.
place_design completed successfully
place_design: Time (s): cpu = 00:00:29 ; elapsed = 00:00:25 . Memory (MB): peak = 1500.246 ; gain = 0.000
INFO: [Timing 38-480] Writing timing data to binary archive.
Writing placer database...
Writing XDEF routing.
Writing XDEF routing logical nets.
Writing XDEF routing special nets.
Write XDEF Complete: Time (s): cpu = 00:00:01 ; elapsed = 00:00:00.200 . Memory (MB): peak = 1500.246 ; gain = 0.000
INFO: [Common 17-1381] The checkpoint 'C:/Users/cajhm/OneDrive - Singapore University of Technology and Design/Y2T4/compstruct1d/stackergame_latest/work/vivado/stackergame_latest/stackergame_latest.runs/impl_1/au_top_0_placed.dcp' has been generated.
INFO: [runtcl-4] Executing : report_io -file au_top_0_io_placed.rpt
report_io: Time (s): cpu = 00:00:00 ; elapsed = 00:00:00.060 . Memory (MB): peak = 1500.246 ; gain = 0.000
INFO: [runtcl-4] Executing : report_utilization -file au_top_0_utilization_placed.rpt -pb au_top_0_utilization_placed.pb
INFO: [runtcl-4] Executing : report_control_sets -verbose -file au_top_0_control_sets_placed.rpt
report_control_sets: Time (s): cpu = 00:00:00 ; elapsed = 00:00:00.003 . Memory (MB): peak = 1500.246 ; gain = 0.000
Command: phys_opt_design
Attempting to get a license for feature 'Implementation' and/or device 'xc7a35t'
INFO: [Common 17-349] Got license for feature 'Implementation' and/or device 'xc7a35t'
Netlist sorting complete. Time (s): cpu = 00:00:00 ; elapsed = 00:00:00 . Memory (MB): peak = 1500.246 ; gain = 0.000

Starting Physical Synthesis Task

Phase 1 Physical Synthesis Initialization
INFO: [Physopt 32-721] Multithreading enabled for phys_opt_design using a maximum of 2 CPUs
INFO: [Physopt 32-619] Estimated Timing Summary | WNS=-0.580 | TNS=-27.361 |
Phase 1 Physical Synthesis Initialization | Checksum: 1c376cbf7

Time (s): cpu = 00:00:00 ; elapsed = 00:00:00.158 . Memory (MB): peak = 1500.246 ; gain = 0.000
INFO: [Physopt 32-619] Estimated Timing Summary | WNS=-0.580 | TNS=-27.361 |

Phase 2 DSP Register Optimization
INFO: [Physopt 32-456] No candidate cells for DSP register optimization found in the design.
INFO: [Physopt 32-775] End 2 Pass. Optimized 0 net or cell. Created 0 new cell, deleted 0 existing cell and moved 0 existing cell
Phase 2 DSP Register Optimization | Checksum: 1c376cbf7

Time (s): cpu = 00:00:00 ; elapsed = 00:00:00.163 . Memory (MB): peak = 1500.246 ; gain = 0.000

Phase 3 Critical Path Optimization
INFO: [Physopt 32-619] Estimated Timing Summary | WNS=-0.580 | TNS=-27.361 |
INFO: [Physopt 32-663] Processed net cu_test/beta/players/M_line1_r1_q[15].  Re-placed instance cu_test/beta/players/M_line1_r1_q_reg[15]
INFO: [Physopt 32-735] Processed net cu_test/beta/players/M_line1_r1_q[15]. Optimization improves timing on the net.
INFO: [Physopt 32-619] Estimated Timing Summary | WNS=-0.377 | TNS=-26.947 |
INFO: [Physopt 32-663] Processed net cu_test/beta/players/M_line3_r3_q[12].  Re-placed instance cu_test/beta/players/M_line3_r3_q_reg[12]
INFO: [Physopt 32-735] Processed net cu_test/beta/players/M_line3_r3_q[12]. Optimization improves timing on the net.
INFO: [Physopt 32-619] Estimated Timing Summary | WNS=-0.356 | TNS=-26.925 |
INFO: [Physopt 32-663] Processed net cu_test/beta/players/M_current_line_r11_q_reg[15]_0[10].  Re-placed instance cu_test/beta/players/M_current_line_r11_q_reg[10]
INFO: [Physopt 32-735] Processed net cu_test/beta/players/M_current_line_r11_q_reg[15]_0[10]. Optimization improves timing on the net.
INFO: [Physopt 32-619] Estimated Timing Summary | WNS=-0.356 | TNS=-26.568 |
INFO: [Physopt 32-663] Processed net cu_test/beta/players/M_matrix_writer_row[21].  Re-placed instance cu_test/beta/players/M_line3_r3_q_reg[5]
INFO: [Physopt 32-735] Processed net cu_test/beta/players/M_matrix_writer_row[21]. Optimization improves timing on the net.
INFO: [Physopt 32-619] Estimated Timing Summary | WNS=-0.355 | TNS=-26.252 |
INFO: [Physopt 32-662] Processed net cu_test/beta/players/M_line3_r3_q[12].  Did not re-place instance cu_test/beta/players/M_line3_r3_q_reg[12]
INFO: [Physopt 32-702] Processed net cu_test/beta/players/M_line3_r3_q[12]. Optimizations did not improve timing on the net.
INFO: [Physopt 32-662] Processed net reset_cond/Q[0].  Did not re-place instance reset_cond/M_stage_q_reg[3]
INFO: [Physopt 32-571] Net reset_cond/Q[0] was not replicated.
INFO: [Physopt 32-702] Processed net reset_cond/Q[0]. Optimizations did not improve timing on the net.
INFO: [Physopt 32-662] Processed net cu_test/beta/game_controlunit/frame_rate2/M_gamestate_r0_q[12]_i_3_n_0.  Did not re-place instance cu_test/beta/game_controlunit/frame_rate2/M_gamestate_r0_q[12]_i_3
INFO: [Physopt 32-702] Processed net cu_test/beta/game_controlunit/frame_rate2/M_gamestate_r0_q[12]_i_3_n_0. Optimizations did not improve timing on the net.
INFO: [Physopt 32-662] Processed net cu_test/beta/game_controlunit/frame_rate2/M_gamestate_r0_q[12]_i_5_n_0.  Did not re-place instance cu_test/beta/game_controlunit/frame_rate2/M_gamestate_r0_q[12]_i_5
INFO: [Physopt 32-710] Processed net cu_test/beta/game_controlunit/frame_rate2/M_gamestate_r0_q[12]_i_3_n_0. Critical path length was reduced through logic transformation on cell cu_test/beta/game_controlunit/frame_rate2/M_gamestate_r0_q[12]_i_3_comp.
INFO: [Physopt 32-735] Processed net cu_test/beta/game_controlunit/frame_rate2/M_gamestate_r0_q[12]_i_5_n_0. Optimization improves timing on the net.
INFO: [Physopt 32-619] Estimated Timing Summary | WNS=-0.336 | TNS=-25.768 |
INFO: [Physopt 32-663] Processed net cu_test/beta/players/M_matrix_writer_row[5].  Re-placed instance cu_test/beta/players/M_line1_r1_q_reg[5]
INFO: [Physopt 32-735] Processed net cu_test/beta/players/M_matrix_writer_row[5]. Optimization improves timing on the net.
INFO: [Physopt 32-619] Estimated Timing Summary | WNS=-0.327 | TNS=-25.454 |
INFO: [Physopt 32-663] Processed net cu_test/beta/players/M_line7_r7_q_reg[7]_0[1].  Re-placed instance cu_test/beta/players/M_line1_r1_q_reg[7]
INFO: [Physopt 32-735] Processed net cu_test/beta/players/M_line7_r7_q_reg[7]_0[1]. Optimization improves timing on the net.
INFO: [Physopt 32-619] Estimated Timing Summary | WNS=-0.327 | TNS=-25.298 |
INFO: [Physopt 32-663] Processed net cu_test/beta/players/M_current_line_r11_q_reg[15]_0[15].  Re-placed instance cu_test/beta/players/M_current_line_r11_q_reg[15]
INFO: [Physopt 32-735] Processed net cu_test/beta/players/M_current_line_r11_q_reg[15]_0[15]. Optimization improves timing on the net.
INFO: [Physopt 32-619] Estimated Timing Summary | WNS=-0.324 | TNS=-25.114 |
INFO: [Physopt 32-663] Processed net cu_test/beta/players/M_matrix_writer_row[60].  Re-placed instance cu_test/beta/players/M_line8_r8_q_reg[4]
INFO: [Physopt 32-735] Processed net cu_test/beta/players/M_matrix_writer_row[60]. Optimization improves timing on the net.
INFO: [Physopt 32-619] Estimated Timing Summary | WNS=-0.321 | TNS=-25.046 |
INFO: [Physopt 32-663] Processed net cu_test/beta/players/M_current_line_r11_q_reg[15]_0[7].  Re-placed instance cu_test/beta/players/M_current_line_r11_q_reg[7]
INFO: [Physopt 32-735] Processed net cu_test/beta/players/M_current_line_r11_q_reg[15]_0[7]. Optimization improves timing on the net.
INFO: [Physopt 32-619] Estimated Timing Summary | WNS=-0.313 | TNS=-24.725 |
INFO: [Physopt 32-663] Processed net cu_test/beta/players/M_line8_r8_q_reg[14]_0[2].  Re-placed instance cu_test/beta/players/M_line8_r8_q_reg[7]
INFO: [Physopt 32-735] Processed net cu_test/beta/players/M_line8_r8_q_reg[14]_0[2]. Optimization improves timing on the net.
INFO: [Physopt 32-619] Estimated Timing Summary | WNS=-0.311 | TNS=-24.518 |
INFO: [Physopt 32-662] Processed net cu_test/beta/game_controlunit/frame_rate2/M_gamestate_r0_q[14]_i_7_n_0.  Did not re-place instance cu_test/beta/game_controlunit/frame_rate2/M_gamestate_r0_q[14]_i_7
INFO: [Physopt 32-601] Processed net cu_test/beta/game_controlunit/frame_rate2/M_gamestate_r0_q[14]_i_7_n_0. Net driver cu_test/beta/game_controlunit/frame_rate2/M_gamestate_r0_q[14]_i_7 was replaced.
INFO: [Physopt 32-735] Processed net cu_test/beta/game_controlunit/frame_rate2/M_gamestate_r0_q[14]_i_7_n_0. Optimization improves timing on the net.
INFO: [Physopt 32-619] Estimated Timing Summary | WNS=-0.310 | TNS=-24.188 |
INFO: [Physopt 32-663] Processed net cu_test/beta/players/M_matrix_writer_row[12].  Re-placed instance cu_test/beta/players/M_line2_r2_q_reg[4]
INFO: [Physopt 32-735] Processed net cu_test/beta/players/M_matrix_writer_row[12]. Optimization improves timing on the net.
INFO: [Physopt 32-619] Estimated Timing Summary | WNS=-0.310 | TNS=-24.149 |
INFO: [Physopt 32-663] Processed net cu_test/beta/players/M_line7_r7_q_reg[7]_0[11].  Re-placed instance cu_test/beta/players/M_line6_r6_q_reg[7]
INFO: [Physopt 32-735] Processed net cu_test/beta/players/M_line7_r7_q_reg[7]_0[11]. Optimization improves timing on the net.
INFO: [Physopt 32-619] Estimated Timing Summary | WNS=-0.309 | TNS=-23.993 |
INFO: [Physopt 32-663] Processed net cu_test/beta/players/M_beta_reg0_speed_frame_count[3].  Re-placed instance cu_test/beta/players/M_gamestate_r0_q_reg[3]
INFO: [Physopt 32-735] Processed net cu_test/beta/players/M_beta_reg0_speed_frame_count[3]. Optimization improves timing on the net.
INFO: [Physopt 32-619] Estimated Timing Summary | WNS=-0.309 | TNS=-23.703 |
INFO: [Physopt 32-663] Processed net cu_test/beta/players/M_line7_r7_q_reg[7]_0[7].  Re-placed instance cu_test/beta/players/M_line4_r4_q_reg[7]
INFO: [Physopt 32-735] Processed net cu_test/beta/players/M_line7_r7_q_reg[7]_0[7]. Optimization improves timing on the net.
INFO: [Physopt 32-619] Estimated Timing Summary | WNS=-0.308 | TNS=-23.529 |
INFO: [Physopt 32-663] Processed net cu_test/beta/players/M_beta_reg9_and_computation[15].  Re-placed instance cu_test/beta/players/M_and_result_r9_q_reg[15]
INFO: [Physopt 32-735] Processed net cu_test/beta/players/M_beta_reg9_and_computation[15]. Optimization improves timing on the net.
INFO: [Physopt 32-619] Estimated Timing Summary | WNS=-0.304 | TNS=-23.399 |
INFO: [Physopt 32-663] Processed net cu_test/beta/players/M_line3_r3_q[15].  Re-placed instance cu_test/beta/players/M_line3_r3_q_reg[15]
INFO: [Physopt 32-735] Processed net cu_test/beta/players/M_line3_r3_q[15]. Optimization improves timing on the net.
INFO: [Physopt 32-619] Estimated Timing Summary | WNS=-0.303 | TNS=-23.268 |
INFO: [Physopt 32-663] Processed net cu_test/beta/players/M_line5_r5_q[8].  Re-placed instance cu_test/beta/players/M_line5_r5_q_reg[8]
INFO: [Physopt 32-735] Processed net cu_test/beta/players/M_line5_r5_q[8]. Optimization improves timing on the net.
INFO: [Physopt 32-619] Estimated Timing Summary | WNS=-0.301 | TNS=-23.069 |
INFO: [Physopt 32-663] Processed net cu_test/beta/players/M_matrix_writer_row[52].  Re-placed instance cu_test/beta/players/M_line7_r7_q_reg[4]
INFO: [Physopt 32-735] Processed net cu_test/beta/players/M_matrix_writer_row[52]. Optimization improves timing on the net.
INFO: [Physopt 32-619] Estimated Timing Summary | WNS=-0.296 | TNS=-22.920 |
INFO: [Physopt 32-663] Processed net cu_test/beta/players/M_current_line_r11_q_reg[15]_0[11].  Re-placed instance cu_test/beta/players/M_current_line_r11_q_reg[11]
INFO: [Physopt 32-735] Processed net cu_test/beta/players/M_current_line_r11_q_reg[15]_0[11]. Optimization improves timing on the net.
INFO: [Physopt 32-619] Estimated Timing Summary | WNS=-0.295 | TNS=-22.729 |
INFO: [Physopt 32-663] Processed net cu_test/beta/players/M_line1_r1_q[10].  Re-placed instance cu_test/beta/players/M_line1_r1_q_reg[10]
INFO: [Physopt 32-735] Processed net cu_test/beta/players/M_line1_r1_q[10]. Optimization improves timing on the net.
INFO: [Physopt 32-619] Estimated Timing Summary | WNS=-0.294 | TNS=-22.433 |
INFO: [Physopt 32-663] Processed net cu_test/beta/players/M_line6_r6_q[13].  Re-placed instance cu_test/beta/players/M_line6_r6_q_reg[13]
INFO: [Physopt 32-735] Processed net cu_test/beta/players/M_line6_r6_q[13]. Optimization improves timing on the net.
INFO: [Physopt 32-619] Estimated Timing Summary | WNS=-0.293 | TNS=-22.368 |
INFO: [Physopt 32-663] Processed net cu_test/beta/players/M_matrix_writer_row[36].  Re-placed instance cu_test/beta/players/M_line5_r5_q_reg[4]
INFO: [Physopt 32-735] Processed net cu_test/beta/players/M_matrix_writer_row[36]. Optimization improves timing on the net.
INFO: [Physopt 32-619] Estimated Timing Summary | WNS=-0.293 | TNS=-22.350 |
INFO: [Physopt 32-663] Processed net cu_test/beta/players/M_matrix_writer_row[53].  Re-placed instance cu_test/beta/players/M_line7_r7_q_reg[5]
INFO: [Physopt 32-735] Processed net cu_test/beta/players/M_matrix_writer_row[53]. Optimization improves timing on the net.
INFO: [Physopt 32-619] Estimated Timing Summary | WNS=-0.290 | TNS=-22.126 |
INFO: [Physopt 32-663] Processed net cu_test/beta/players/M_matrix_writer_row[44].  Re-placed instance cu_test/beta/players/M_line6_r6_q_reg[4]
INFO: [Physopt 32-735] Processed net cu_test/beta/players/M_matrix_writer_row[44]. Optimization improves timing on the net.
INFO: [Physopt 32-619] Estimated Timing Summary | WNS=-0.287 | TNS=-21.836 |
INFO: [Physopt 32-663] Processed net cu_test/beta/players/M_line7_r7_q[13].  Re-placed instance cu_test/beta/players/M_line7_r7_q_reg[13]
INFO: [Physopt 32-735] Processed net cu_test/beta/players/M_line7_r7_q[13]. Optimization improves timing on the net.
INFO: [Physopt 32-619] Estimated Timing Summary | WNS=-0.287 | TNS=-21.682 |
INFO: [Physopt 32-619] Estimated Timing Summary | WNS=-0.287 | TNS=-21.682 |
Phase 3 Critical Path Optimization | Checksum: 1c376cbf7

Time (s): cpu = 00:00:04 ; elapsed = 00:00:02 . Memory (MB): peak = 1500.246 ; gain = 0.000

Phase 4 Critical Path Optimization
INFO: [Physopt 32-619] Estimated Timing Summary | WNS=-0.287 | TNS=-21.682 |
INFO: [Physopt 32-663] Processed net cu_test/beta/players/M_line8_r8_q[11].  Re-placed instance cu_test/beta/players/M_line8_r8_q_reg[11]
INFO: [Physopt 32-735] Processed net cu_test/beta/players/M_line8_r8_q[11]. Optimization improves timing on the net.
INFO: [Physopt 32-619] Estimated Timing Summary | WNS=-0.287 | TNS=-21.395 |
INFO: [Physopt 32-663] Processed net cu_test/beta/players/M_line8_r8_q_reg[14]_0[3].  Re-placed instance cu_test/beta/players/M_line8_r8_q_reg[13]
INFO: [Physopt 32-735] Processed net cu_test/beta/players/M_line8_r8_q_reg[14]_0[3]. Optimization improves timing on the net.
INFO: [Physopt 32-619] Estimated Timing Summary | WNS=-0.286 | TNS=-21.232 |
INFO: [Physopt 32-663] Processed net cu_test/beta/players/M_line3_r3_q[11].  Re-placed instance cu_test/beta/players/M_line3_r3_q_reg[11]
INFO: [Physopt 32-735] Processed net cu_test/beta/players/M_line3_r3_q[11]. Optimization improves timing on the net.
INFO: [Physopt 32-619] Estimated Timing Summary | WNS=-0.286 | TNS=-21.042 |
INFO: [Physopt 32-663] Processed net cu_test/beta/players/M_current_line_r11_q_reg[15]_0[13].  Re-placed instance cu_test/beta/players/M_current_line_r11_q_reg[13]
INFO: [Physopt 32-735] Processed net cu_test/beta/players/M_current_line_r11_q_reg[15]_0[13]. Optimization improves timing on the net.
INFO: [Physopt 32-619] Estimated Timing Summary | WNS=-0.284 | TNS=-21.003 |
INFO: [Physopt 32-663] Processed net cu_test/beta/players/M_line7_r7_q_reg[7]_0[6].  Re-placed instance cu_test/beta/players/M_line4_r4_q_reg[0]
INFO: [Physopt 32-735] Processed net cu_test/beta/players/M_line7_r7_q_reg[7]_0[6]. Optimization improves timing on the net.
INFO: [Physopt 32-619] Estimated Timing Summary | WNS=-0.281 | TNS=-20.718 |
INFO: [Physopt 32-662] Processed net cu_test/beta/players/M_line3_r3_q[12].  Did not re-place instance cu_test/beta/players/M_line3_r3_q_reg[12]
INFO: [Physopt 32-702] Processed net cu_test/beta/players/M_line3_r3_q[12]. Optimizations did not improve timing on the net.
INFO: [Physopt 32-662] Processed net reset_cond/Q[0].  Did not re-place instance reset_cond/M_stage_q_reg[3]
INFO: [Physopt 32-571] Net reset_cond/Q[0] was not replicated.
INFO: [Physopt 32-702] Processed net reset_cond/Q[0]. Optimizations did not improve timing on the net.
INFO: [Physopt 32-663] Processed net cu_test/beta/game_controlunit/frame_rate2/M_gamestate_r0_q[12]_i_3_n_0.  Re-placed instance cu_test/beta/game_controlunit/frame_rate2/M_gamestate_r0_q[12]_i_3_comp
INFO: [Physopt 32-735] Processed net cu_test/beta/game_controlunit/frame_rate2/M_gamestate_r0_q[12]_i_3_n_0. Optimization improves timing on the net.
INFO: [Physopt 32-619] Estimated Timing Summary | WNS=-0.279 | TNS=-19.233 |
INFO: [Physopt 32-663] Processed net cu_test/beta/players/M_line8_r8_q[10].  Re-placed instance cu_test/beta/players/M_line8_r8_q_reg[10]
INFO: [Physopt 32-735] Processed net cu_test/beta/players/M_line8_r8_q[10]. Optimization improves timing on the net.
INFO: [Physopt 32-619] Estimated Timing Summary | WNS=-0.277 | TNS=-19.077 |
INFO: [Physopt 32-662] Processed net cu_test/beta/players/M_line7_r7_q_reg[7]_0[3].  Did not re-place instance cu_test/beta/players/M_line2_r2_q_reg[7]
INFO: [Physopt 32-702] Processed net cu_test/beta/players/M_line7_r7_q_reg[7]_0[3]. Optimizations did not improve timing on the net.
INFO: [Physopt 32-662] Processed net cu_test/beta/game_controlunit/frame_rate2/M_gamestate_r0_q[7]_i_2_n_0.  Did not re-place instance cu_test/beta/game_controlunit/frame_rate2/M_gamestate_r0_q[7]_i_2
INFO: [Physopt 32-702] Processed net cu_test/beta/game_controlunit/frame_rate2/M_gamestate_r0_q[7]_i_2_n_0. Optimizations did not improve timing on the net.
INFO: [Physopt 32-662] Processed net cu_test/beta/game_controlunit/frame_rate2/M_gamestate_r0_q[7]_i_5_n_0.  Did not re-place instance cu_test/beta/game_controlunit/frame_rate2/M_gamestate_r0_q[7]_i_5
INFO: [Physopt 32-710] Processed net cu_test/beta/game_controlunit/frame_rate2/M_gamestate_r0_q[7]_i_2_n_0. Critical path length was reduced through logic transformation on cell cu_test/beta/game_controlunit/frame_rate2/M_gamestate_r0_q[7]_i_2_comp.
INFO: [Physopt 32-735] Processed net cu_test/beta/game_controlunit/frame_rate2/M_gamestate_r0_q[7]_i_5_n_0. Optimization improves timing on the net.
INFO: [Physopt 32-619] Estimated Timing Summary | WNS=-0.277 | TNS=-17.265 |
INFO: [Physopt 32-663] Processed net cu_test/beta/players/M_line4_r4_q[13].  Re-placed instance cu_test/beta/players/M_line4_r4_q_reg[13]
INFO: [Physopt 32-735] Processed net cu_test/beta/players/M_line4_r4_q[13]. Optimization improves timing on the net.
INFO: [Physopt 32-619] Estimated Timing Summary | WNS=-0.275 | TNS=-17.116 |
INFO: [Physopt 32-662] Processed net cu_test/beta/players/M_matrix_writer_row[36].  Did not re-place instance cu_test/beta/players/M_line5_r5_q_reg[4]
INFO: [Physopt 32-702] Processed net cu_test/beta/players/M_matrix_writer_row[36]. Optimizations did not improve timing on the net.
INFO: [Physopt 32-663] Processed net cu_test/beta/game_controlunit/frame_rate2/M_gamestate_r0_q[4]_i_6_n_0.  Re-placed instance cu_test/beta/game_controlunit/frame_rate2/M_gamestate_r0_q[4]_i_6
INFO: [Physopt 32-735] Processed net cu_test/beta/game_controlunit/frame_rate2/M_gamestate_r0_q[4]_i_6_n_0. Optimization improves timing on the net.
INFO: [Physopt 32-619] Estimated Timing Summary | WNS=-0.267 | TNS=-15.950 |
INFO: [Physopt 32-663] Processed net cu_test/beta/players/M_line7_r7_q[8].  Re-placed instance cu_test/beta/players/M_line7_r7_q_reg[8]
INFO: [Physopt 32-735] Processed net cu_test/beta/players/M_line7_r7_q[8]. Optimization improves timing on the net.
INFO: [Physopt 32-619] Estimated Timing Summary | WNS=-0.265 | TNS=-15.817 |
INFO: [Physopt 32-663] Processed net cu_test/beta/players/M_line5_r5_q[13].  Re-placed instance cu_test/beta/players/M_line5_r5_q_reg[13]
INFO: [Physopt 32-735] Processed net cu_test/beta/players/M_line5_r5_q[13]. Optimization improves timing on the net.
INFO: [Physopt 32-619] Estimated Timing Summary | WNS=-0.262 | TNS=-15.799 |
INFO: [Physopt 32-663] Processed net cu_test/beta/players/M_beta_reg9_and_computation[8].  Re-placed instance cu_test/beta/players/M_and_result_r9_q_reg[8]
INFO: [Physopt 32-735] Processed net cu_test/beta/players/M_beta_reg9_and_computation[8]. Optimization improves timing on the net.
INFO: [Physopt 32-619] Estimated Timing Summary | WNS=-0.260 | TNS=-15.624 |
INFO: [Physopt 32-663] Processed net cu_test/beta/players/M_line7_r7_q_reg[7]_0[4].  Re-placed instance cu_test/beta/players/M_line3_r3_q_reg[0]
INFO: [Physopt 32-735] Processed net cu_test/beta/players/M_line7_r7_q_reg[7]_0[4]. Optimization improves timing on the net.
INFO: [Physopt 32-619] Estimated Timing Summary | WNS=-0.255 | TNS=-15.364 |
INFO: [Physopt 32-663] Processed net cu_test/beta/players/M_line6_r6_q[8].  Re-placed instance cu_test/beta/players/M_line6_r6_q_reg[8]
INFO: [Physopt 32-735] Processed net cu_test/beta/players/M_line6_r6_q[8]. Optimization improves timing on the net.
INFO: [Physopt 32-619] Estimated Timing Summary | WNS=-0.248 | TNS=-15.170 |
INFO: [Physopt 32-663] Processed net cu_test/beta/players/M_gamestate_r0_q_reg[7]_0[0].  Re-placed instance cu_test/beta/players/M_gamestate_r0_q_reg[0]
INFO: [Physopt 32-735] Processed net cu_test/beta/players/M_gamestate_r0_q_reg[7]_0[0]. Optimization improves timing on the net.
INFO: [Physopt 32-619] Estimated Timing Summary | WNS=-0.247 | TNS=-14.921 |
INFO: [Physopt 32-662] Processed net cu_test/beta/players/M_current_line_r11_q_reg[15]_0[13].  Did not re-place instance cu_test/beta/players/M_current_line_r11_q_reg[13]
INFO: [Physopt 32-702] Processed net cu_test/beta/players/M_current_line_r11_q_reg[15]_0[13]. Optimizations did not improve timing on the net.
INFO: [Physopt 32-662] Processed net cu_test/beta/game_controlunit/frame_rate2/M_gamestate_r0_q[13]_i_4_n_0.  Did not re-place instance cu_test/beta/game_controlunit/frame_rate2/M_gamestate_r0_q[13]_i_4
INFO: [Physopt 32-710] Processed net cu_test/beta/game_controlunit/frame_rate2/M_stage_q_reg[3]_0[13]. Critical path length was reduced through logic transformation on cell cu_test/beta/game_controlunit/frame_rate2/M_gamestate_r0_q[13]_i_1_comp.
INFO: [Physopt 32-735] Processed net cu_test/beta/game_controlunit/frame_rate2/M_gamestate_r0_q[13]_i_4_n_0. Optimization improves timing on the net.
INFO: [Physopt 32-619] Estimated Timing Summary | WNS=-0.236 | TNS=-13.975 |
INFO: [Physopt 32-663] Processed net cu_test/beta/players/M_beta_reg9_and_computation[10].  Re-placed instance cu_test/beta/players/M_and_result_r9_q_reg[10]
INFO: [Physopt 32-735] Processed net cu_test/beta/players/M_beta_reg9_and_computation[10]. Optimization improves timing on the net.
INFO: [Physopt 32-619] Estimated Timing Summary | WNS=-0.235 | TNS=-13.739 |
INFO: [Physopt 32-663] Processed net cu_test/beta/players/M_line2_r2_q[10].  Re-placed instance cu_test/beta/players/M_line2_r2_q_reg[10]
INFO: [Physopt 32-735] Processed net cu_test/beta/players/M_line2_r2_q[10]. Optimization improves timing on the net.
INFO: [Physopt 32-619] Estimated Timing Summary | WNS=-0.231 | TNS=-13.504 |
INFO: [Physopt 32-663] Processed net cu_test/beta/players/M_line7_r7_q_reg[7]_0[10].  Re-placed instance cu_test/beta/players/M_line6_r6_q_reg[0]
INFO: [Physopt 32-735] Processed net cu_test/beta/players/M_line7_r7_q_reg[7]_0[10]. Optimization improves timing on the net.
INFO: [Physopt 32-619] Estimated Timing Summary | WNS=-0.229 | TNS=-13.272 |
INFO: [Physopt 32-663] Processed net cu_test/beta/players/M_line7_r7_q_reg[7]_0[12].  Re-placed instance cu_test/beta/players/M_line7_r7_q_reg[0]
INFO: [Physopt 32-735] Processed net cu_test/beta/players/M_line7_r7_q_reg[7]_0[12]. Optimization improves timing on the net.
INFO: [Physopt 32-619] Estimated Timing Summary | WNS=-0.223 | TNS=-13.056 |
INFO: [Physopt 32-663] Processed net cu_test/beta/players/M_current_line_r11_q_reg[15]_0[8].  Re-placed instance cu_test/beta/players/M_current_line_r11_q_reg[8]
INFO: [Physopt 32-735] Processed net cu_test/beta/players/M_current_line_r11_q_reg[15]_0[8]. Optimization improves timing on the net.
INFO: [Physopt 32-619] Estimated Timing Summary | WNS=-0.213 | TNS=-12.942 |
INFO: [Physopt 32-663] Processed net cu_test/beta/players/M_matrix_writer_row[59].  Re-placed instance cu_test/beta/players/M_line8_r8_q_reg[3]
INFO: [Physopt 32-735] Processed net cu_test/beta/players/M_matrix_writer_row[59]. Optimization improves timing on the net.
INFO: [Physopt 32-619] Estimated Timing Summary | WNS=-0.212 | TNS=-12.729 |
INFO: [Physopt 32-663] Processed net cu_test/beta/players/M_beta_reg9_and_computation[5].  Re-placed instance cu_test/beta/players/M_and_result_r9_q_reg[5]
INFO: [Physopt 32-735] Processed net cu_test/beta/players/M_beta_reg9_and_computation[5]. Optimization improves timing on the net.
INFO: [Physopt 32-619] Estimated Timing Summary | WNS=-0.211 | TNS=-12.654 |
INFO: [Physopt 32-663] Processed net cu_test/beta/players/M_line3_r3_q[8].  Re-placed instance cu_test/beta/players/M_line3_r3_q_reg[8]
INFO: [Physopt 32-735] Processed net cu_test/beta/players/M_line3_r3_q[8]. Optimization improves timing on the net.
INFO: [Physopt 32-619] Estimated Timing Summary | WNS=-0.209 | TNS=-12.505 |
INFO: [Physopt 32-663] Processed net cu_test/beta/players/Q[4].  Re-placed instance cu_test/beta/players/M_and_result_r9_q_reg[14]
INFO: [Physopt 32-735] Processed net cu_test/beta/players/Q[4]. Optimization improves timing on the net.
INFO: [Physopt 32-619] Estimated Timing Summary | WNS=-0.209 | TNS=-12.422 |
INFO: [Physopt 32-663] Processed net cu_test/beta/players/M_matrix_writer_row[61].  Re-placed instance cu_test/beta/players/M_line8_r8_q_reg[5]
INFO: [Physopt 32-735] Processed net cu_test/beta/players/M_matrix_writer_row[61]. Optimization improves timing on the net.
INFO: [Physopt 32-619] Estimated Timing Summary | WNS=-0.205 | TNS=-12.286 |
INFO: [Physopt 32-663] Processed net cu_test/beta/players/M_line1_r1_q[14].  Re-placed instance cu_test/beta/players/M_line1_r1_q_reg[14]
INFO: [Physopt 32-735] Processed net cu_test/beta/players/M_line1_r1_q[14]. Optimization improves timing on the net.
INFO: [Physopt 32-619] Estimated Timing Summary | WNS=-0.204 | TNS=-12.259 |
INFO: [Physopt 32-663] Processed net cu_test/beta/players/M_line7_r7_q_reg[7]_0[0].  Re-placed instance cu_test/beta/players/M_line1_r1_q_reg[0]
INFO: [Physopt 32-735] Processed net cu_test/beta/players/M_line7_r7_q_reg[7]_0[0]. Optimization improves timing on the net.
INFO: [Physopt 32-619] Estimated Timing Summary | WNS=-0.202 | TNS=-12.087 |
INFO: [Physopt 32-663] Processed net cu_test/beta/players/M_line6_r6_q[15].  Re-placed instance cu_test/beta/players/M_line6_r6_q_reg[15]
INFO: [Physopt 32-735] Processed net cu_test/beta/players/M_line6_r6_q[15]. Optimization improves timing on the net.
INFO: [Physopt 32-619] Estimated Timing Summary | WNS=-0.201 | TNS=-11.903 |
INFO: [Physopt 32-663] Processed net cu_test/beta/players/M_line4_r4_q[10].  Re-placed instance cu_test/beta/players/M_line4_r4_q_reg[10]
INFO: [Physopt 32-735] Processed net cu_test/beta/players/M_line4_r4_q[10]. Optimization improves timing on the net.
INFO: [Physopt 32-619] Estimated Timing Summary | WNS=-0.199 | TNS=-11.702 |
INFO: [Physopt 32-662] Processed net cu_test/beta/players/M_matrix_writer_row[51].  Did not re-place instance cu_test/beta/players/M_line7_r7_q_reg[3]
INFO: [Physopt 32-702] Processed net cu_test/beta/players/M_matrix_writer_row[51]. Optimizations did not improve timing on the net.
INFO: [Physopt 32-663] Processed net cu_test/beta/game_controlunit/frame_rate2/M_gamestate_r0_q[3]_i_5_n_0.  Re-placed instance cu_test/beta/game_controlunit/frame_rate2/M_gamestate_r0_q[3]_i_5
INFO: [Physopt 32-735] Processed net cu_test/beta/game_controlunit/frame_rate2/M_gamestate_r0_q[3]_i_5_n_0. Optimization improves timing on the net.
INFO: [Physopt 32-619] Estimated Timing Summary | WNS=-0.195 | TNS=-11.642 |
INFO: [Physopt 32-662] Processed net cu_test/beta/players/M_line2_r2_q[14].  Did not re-place instance cu_test/beta/players/M_line2_r2_q_reg[14]
INFO: [Physopt 32-702] Processed net cu_test/beta/players/M_line2_r2_q[14]. Optimizations did not improve timing on the net.
INFO: [Physopt 32-662] Processed net reset_cond/Q[0].  Did not re-place instance reset_cond/M_stage_q_reg[3]
INFO: [Physopt 32-702] Processed net reset_cond/Q[0]. Optimizations did not improve timing on the net.
INFO: [Physopt 32-662] Processed net cu_test/beta/game_controlunit/frame_rate2/M_gamestate_r0_q[14]_i_2_n_0.  Did not re-place instance cu_test/beta/game_controlunit/frame_rate2/M_gamestate_r0_q[14]_i_2
INFO: [Physopt 32-735] Processed net cu_test/beta/game_controlunit/frame_rate2/M_gamestate_r0_q[14]_i_2_n_0. Optimization improves timing on the net.
INFO: [Physopt 32-619] Estimated Timing Summary | WNS=-0.193 | TNS=-10.740 |
INFO: [Physopt 32-662] Processed net cu_test/beta/players/M_line7_r7_q[11].  Did not re-place instance cu_test/beta/players/M_line7_r7_q_reg[11]
INFO: [Physopt 32-702] Processed net cu_test/beta/players/M_line7_r7_q[11]. Optimizations did not improve timing on the net.
INFO: [Physopt 32-662] Processed net cu_test/beta/game_controlunit/frame_rate2/M_gamestate_r0_q[11]_i_2_n_0.  Did not re-place instance cu_test/beta/game_controlunit/frame_rate2/M_gamestate_r0_q[11]_i_2
INFO: [Physopt 32-702] Processed net cu_test/beta/game_controlunit/frame_rate2/M_gamestate_r0_q[11]_i_2_n_0. Optimizations did not improve timing on the net.
INFO: [Physopt 32-662] Processed net cu_test/beta/game_controlunit/frame_rate2/M_gamestate_r0_q[11]_i_4_n_0.  Did not re-place instance cu_test/beta/game_controlunit/frame_rate2/M_gamestate_r0_q[11]_i_4
INFO: [Physopt 32-702] Processed net cu_test/beta/game_controlunit/frame_rate2/M_gamestate_r0_q[11]_i_4_n_0. Optimizations did not improve timing on the net.
INFO: [Physopt 32-663] Processed net cu_test/beta/game_controlunit/frame_rate2/M_gamestate_r0_q[11]_i_5_n_0.  Re-placed instance cu_test/beta/game_controlunit/frame_rate2/M_gamestate_r0_q[11]_i_5
INFO: [Physopt 32-735] Processed net cu_test/beta/game_controlunit/frame_rate2/M_gamestate_r0_q[11]_i_5_n_0. Optimization improves timing on the net.
INFO: [Physopt 32-619] Estimated Timing Summary | WNS=-0.193 | TNS=-10.356 |
INFO: [Physopt 32-662] Processed net cu_test/beta/players/M_matrix_writer_row[51].  Did not re-place instance cu_test/beta/players/M_line7_r7_q_reg[3]
INFO: [Physopt 32-702] Processed net cu_test/beta/players/M_matrix_writer_row[51]. Optimizations did not improve timing on the net.
INFO: [Physopt 32-662] Processed net cu_test/beta/game_controlunit/frame_rate2/M_gamestate_r0_q[3]_i_5_n_0.  Did not re-place instance cu_test/beta/game_controlunit/frame_rate2/M_gamestate_r0_q[3]_i_5
INFO: [Physopt 32-702] Processed net cu_test/beta/game_controlunit/frame_rate2/M_gamestate_r0_q[3]_i_5_n_0. Optimizations did not improve timing on the net.
INFO: [Physopt 32-663] Processed net cu_test/beta/game_controlunit/frame_rate2/M_gamestate_r0_q[3]_i_10_n_0.  Re-placed instance cu_test/beta/game_controlunit/frame_rate2/M_gamestate_r0_q[3]_i_10
INFO: [Physopt 32-735] Processed net cu_test/beta/game_controlunit/frame_rate2/M_gamestate_r0_q[3]_i_10_n_0. Optimization improves timing on the net.
INFO: [Physopt 32-619] Estimated Timing Summary | WNS=-0.187 | TNS=-10.296 |
INFO: [Physopt 32-702] Processed net M_seg_values[5]. Optimizations did not improve timing on the net.
INFO: [Physopt 32-662] Processed net cu_test/beta/game_controlunit/frame_rate2/M_stage_q_reg[3]_0[5].  Did not re-place instance cu_test/beta/game_controlunit/frame_rate2/M_gamestate_r0_q[5]_i_2
INFO: [Physopt 32-702] Processed net cu_test/beta/game_controlunit/frame_rate2/M_stage_q_reg[3]_0[5]. Optimizations did not improve timing on the net.
INFO: [Physopt 32-663] Processed net cu_test/beta/game_alu/M_gamestate_r0_q[15]_i_10.  Re-placed instance cu_test/beta/game_alu/M_gamestate_r0_q[5]_i_3
INFO: [Physopt 32-735] Processed net cu_test/beta/game_alu/M_gamestate_r0_q[15]_i_10. Optimization improves timing on the net.
INFO: [Physopt 32-619] Estimated Timing Summary | WNS=-0.187 | TNS=-10.186 |
INFO: [Physopt 32-662] Processed net cu_test/beta/game_controlunit/frame_rate2/M_gamestate_r0_q[3]_i_8_n_0.  Did not re-place instance cu_test/beta/game_controlunit/frame_rate2/M_gamestate_r0_q[3]_i_8
INFO: [Physopt 32-735] Processed net cu_test/beta/game_controlunit/frame_rate2/M_gamestate_r0_q[3]_i_8_n_0. Optimization improves timing on the net.
INFO: [Physopt 32-619] Estimated Timing Summary | WNS=-0.181 | TNS=-9.435 |
INFO: [Physopt 32-663] Processed net cu_test/beta/players/M_line8_r8_q[15].  Re-placed instance cu_test/beta/players/M_line8_r8_q_reg[15]
INFO: [Physopt 32-735] Processed net cu_test/beta/players/M_line8_r8_q[15]. Optimization improves timing on the net.
INFO: [Physopt 32-619] Estimated Timing Summary | WNS=-0.178 | TNS=-9.412 |
INFO: [Physopt 32-662] Processed net cu_test/beta/players/M_beta_reg9_and_computation[15].  Did not re-place instance cu_test/beta/players/M_and_result_r9_q_reg[15]
INFO: [Physopt 32-702] Processed net cu_test/beta/players/M_beta_reg9_and_computation[15]. Optimizations did not improve timing on the net.
INFO: [Physopt 32-662] Processed net cu_test/beta/game_alu/M_gamestate_r0_q[14]_i_4.  Did not re-place instance cu_test/beta/game_alu/M_gamestate_r0_q[15]_i_9
INFO: [Physopt 32-702] Processed net cu_test/beta/game_alu/M_gamestate_r0_q[14]_i_4. Optimizations did not improve timing on the net.
INFO: [Physopt 32-702] Processed net cu_test/beta/game_alu/out1_carry__2_n_4. Optimizations did not improve timing on the net.
INFO: [Physopt 32-735] Processed net cu_test/beta/game_controlunit/frame_rate2/M_stage_q_reg[3]_13[1]. Optimization improves timing on the net.
INFO: [Physopt 32-619] Estimated Timing Summary | WNS=-0.176 | TNS=-8.829 |
INFO: [Physopt 32-662] Processed net cu_test/beta/game_alu/M_gamestate_r0_q[15]_i_10.  Did not re-place instance cu_test/beta/game_alu/M_gamestate_r0_q[5]_i_3
INFO: [Physopt 32-735] Processed net cu_test/beta/game_alu/M_gamestate_r0_q[15]_i_10. Optimization improves timing on the net.
INFO: [Physopt 32-619] Estimated Timing Summary | WNS=-0.169 | TNS=-8.189 |
INFO: [Physopt 32-663] Processed net cu_test/beta/players/M_matrix_writer_row[46].  Re-placed instance cu_test/beta/players/M_line6_r6_q_reg[6]
INFO: [Physopt 32-735] Processed net cu_test/beta/players/M_matrix_writer_row[46]. Optimization improves timing on the net.
INFO: [Physopt 32-619] Estimated Timing Summary | WNS=-0.168 | TNS=-8.020 |
INFO: [Physopt 32-663] Processed net cu_test/beta/players/M_matrix_writer_row[22].  Re-placed instance cu_test/beta/players/M_line3_r3_q_reg[6]
INFO: [Physopt 32-735] Processed net cu_test/beta/players/M_matrix_writer_row[22]. Optimization improves timing on the net.
INFO: [Physopt 32-619] Estimated Timing Summary | WNS=-0.167 | TNS=-7.852 |
INFO: [Physopt 32-662] Processed net cu_test/beta/game_controlunit/frame_rate2/M_gamestate_r0_q[15]_i_11_n_0.  Did not re-place instance cu_test/beta/game_controlunit/frame_rate2/M_gamestate_r0_q[15]_i_11
INFO: [Physopt 32-702] Processed net cu_test/beta/game_controlunit/frame_rate2/M_gamestate_r0_q[15]_i_11_n_0. Optimizations did not improve timing on the net.
INFO: [Physopt 32-662] Processed net cu_test/beta/game_controlunit/frame_rate2/M_gamestate_r0_q[15]_i_28_n_0.  Did not re-place instance cu_test/beta/game_controlunit/frame_rate2/M_gamestate_r0_q[15]_i_28
INFO: [Physopt 32-735] Processed net cu_test/beta/game_controlunit/frame_rate2/M_gamestate_r0_q[15]_i_28_n_0. Optimization improves timing on the net.
INFO: [Physopt 32-619] Estimated Timing Summary | WNS=-0.162 | TNS=-7.680 |
INFO: [Physopt 32-662] Processed net cu_test/beta/players/M_matrix_writer_row[36].  Did not re-place instance cu_test/beta/players/M_line5_r5_q_reg[4]
INFO: [Physopt 32-702] Processed net cu_test/beta/players/M_matrix_writer_row[36]. Optimizations did not improve timing on the net.
INFO: [Physopt 32-663] Processed net cu_test/beta/game_controlunit/frame_rate2/M_gamestate_r0_q[4]_i_6_n_0.  Re-placed instance cu_test/beta/game_controlunit/frame_rate2/M_gamestate_r0_q[4]_i_6
INFO: [Physopt 32-735] Processed net cu_test/beta/game_controlunit/frame_rate2/M_gamestate_r0_q[4]_i_6_n_0. Optimization improves timing on the net.
INFO: [Physopt 32-619] Estimated Timing Summary | WNS=-0.154 | TNS=-7.558 |
INFO: [Physopt 32-663] Processed net cu_test/beta/players/M_line4_r4_q[8].  Re-placed instance cu_test/beta/players/M_line4_r4_q_reg[8]
INFO: [Physopt 32-735] Processed net cu_test/beta/players/M_line4_r4_q[8]. Optimization improves timing on the net.
INFO: [Physopt 32-619] Estimated Timing Summary | WNS=-0.150 | TNS=-7.403 |
INFO: [Physopt 32-663] Processed net cu_test/beta/players/M_line8_r8_q_reg[14]_0[1].  Re-placed instance cu_test/beta/players/M_line8_r8_q_reg[6]
INFO: [Physopt 32-735] Processed net cu_test/beta/players/M_line8_r8_q_reg[14]_0[1]. Optimization improves timing on the net.
INFO: [Physopt 32-619] Estimated Timing Summary | WNS=-0.149 | TNS=-7.253 |
INFO: [Physopt 32-662] Processed net cu_test/beta/game_controlunit/frame_rate2/M_gamestate_r0_q[4]_i_6_n_0.  Did not re-place instance cu_test/beta/game_controlunit/frame_rate2/M_gamestate_r0_q[4]_i_6
INFO: [Physopt 32-735] Processed net cu_test/beta/game_controlunit/frame_rate2/M_gamestate_r0_q[4]_i_6_n_0. Optimization improves timing on the net.
INFO: [Physopt 32-619] Estimated Timing Summary | WNS=-0.147 | TNS=-6.600 |
INFO: [Physopt 32-663] Processed net cu_test/beta/players/M_line5_r5_q[10].  Re-placed instance cu_test/beta/players/M_line5_r5_q_reg[10]
INFO: [Physopt 32-735] Processed net cu_test/beta/players/M_line5_r5_q[10]. Optimization improves timing on the net.
INFO: [Physopt 32-619] Estimated Timing Summary | WNS=-0.146 | TNS=-6.453 |
INFO: [Physopt 32-662] Processed net cu_test/beta/players/M_line3_r3_q[12].  Did not re-place instance cu_test/beta/players/M_line3_r3_q_reg[12]
INFO: [Physopt 32-702] Processed net cu_test/beta/players/M_line3_r3_q[12]. Optimizations did not improve timing on the net.
INFO: [Physopt 32-662] Processed net cu_test/beta/game_controlunit/frame_rate2/M_gamestate_r0_q[12]_i_3_n_0.  Did not re-place instance cu_test/beta/game_controlunit/frame_rate2/M_gamestate_r0_q[12]_i_3_comp
INFO: [Physopt 32-702] Processed net cu_test/beta/game_controlunit/frame_rate2/M_gamestate_r0_q[12]_i_3_n_0. Optimizations did not improve timing on the net.
INFO: [Physopt 32-662] Processed net cu_test/beta/game_controlunit/frame_rate2/M_gamestate_r0_q[14]_i_7_n_0.  Did not re-place instance cu_test/beta/game_controlunit/frame_rate2/M_gamestate_r0_q[14]_i_7
INFO: [Physopt 32-702] Processed net cu_test/beta/game_controlunit/frame_rate2/M_gamestate_r0_q[14]_i_7_n_0. Optimizations did not improve timing on the net.
INFO: [Physopt 32-662] Processed net cu_test/beta/game_controlunit/frame_rate2/M_gamestate_r0_q[14]_i_10_n_0.  Did not re-place instance cu_test/beta/game_controlunit/frame_rate2/M_gamestate_r0_q[14]_i_10
INFO: [Physopt 32-735] Processed net cu_test/beta/game_controlunit/frame_rate2/M_gamestate_r0_q[14]_i_10_n_0. Optimization improves timing on the net.
INFO: [Physopt 32-619] Estimated Timing Summary | WNS=-0.145 | TNS=-5.879 |
INFO: [Physopt 32-662] Processed net cu_test/beta/game_controlunit/frame_rate2/M_gamestate_r0_q[15]_i_28_n_0.  Did not re-place instance cu_test/beta/game_controlunit/frame_rate2/M_gamestate_r0_q[15]_i_28
INFO: [Physopt 32-702] Processed net cu_test/beta/game_controlunit/frame_rate2/M_gamestate_r0_q[15]_i_28_n_0. Optimizations did not improve timing on the net.
INFO: [Physopt 32-662] Processed net cu_test/beta/game_controlunit/frame_rate2/M_gamestate_r0_q[15]_i_44_n_0.  Did not re-place instance cu_test/beta/game_controlunit/frame_rate2/M_gamestate_r0_q[15]_i_44
INFO: [Physopt 32-702] Processed net cu_test/beta/game_controlunit/frame_rate2/M_gamestate_r0_q[15]_i_44_n_0. Optimizations did not improve timing on the net.
INFO: [Physopt 32-662] Processed net cu_test/beta/players/M_line5_r5_q_reg[15]_0.  Did not re-place instance cu_test/beta/players/out1_carry__2_i_12
INFO: [Physopt 32-735] Processed net cu_test/beta/players/M_line5_r5_q_reg[15]_0. Optimization improves timing on the net.
INFO: [Physopt 32-619] Estimated Timing Summary | WNS=-0.145 | TNS=-5.823 |
INFO: [Physopt 32-663] Processed net cu_test/beta/game_controlunit/frame_rate2/M_gamestate_r0_q[13]_i_6_n_0.  Re-placed instance cu_test/beta/game_controlunit/frame_rate2/M_gamestate_r0_q[13]_i_6
INFO: [Physopt 32-735] Processed net cu_test/beta/game_controlunit/frame_rate2/M_gamestate_r0_q[13]_i_6_n_0. Optimization improves timing on the net.
INFO: [Physopt 32-619] Estimated Timing Summary | WNS=-0.143 | TNS=-5.434 |
INFO: [Physopt 32-662] Processed net cu_test/beta/players/M_beta_reg0_speed_frame_count[9].  Did not re-place instance cu_test/beta/players/M_gamestate_r0_q_reg[9]
INFO: [Physopt 32-702] Processed net cu_test/beta/players/M_beta_reg0_speed_frame_count[9]. Optimizations did not improve timing on the net.
INFO: [Physopt 32-662] Processed net cu_test/beta/game_controlunit/frame_rate2/M_gamestate_r0_q[9]_i_2_n_0.  Did not re-place instance cu_test/beta/game_controlunit/frame_rate2/M_gamestate_r0_q[9]_i_2
INFO: [Physopt 32-702] Processed net cu_test/beta/game_controlunit/frame_rate2/M_gamestate_r0_q[9]_i_2_n_0. Optimizations did not improve timing on the net.
INFO: [Physopt 32-702] Processed net cu_test/beta/game_alu/out1_carry__1_i_8[1]. Optimizations did not improve timing on the net.
INFO: [Physopt 32-702] Processed net cu_test/beta/game_controlunit/frame_rate2/FSM_onehot_M_game_fsm_q_reg[10]_0[2]. Optimizations did not improve timing on the net.
INFO: [Physopt 32-662] Processed net cu_test/beta/game_controlunit/frame_rate2/out1_carry_i_17_n_0.  Did not re-place instance cu_test/beta/game_controlunit/frame_rate2/out1_carry_i_17
INFO: [Physopt 32-702] Processed net cu_test/beta/game_controlunit/frame_rate2/out1_carry_i_17_n_0. Optimizations did not improve timing on the net.
INFO: [Physopt 32-662] Processed net cu_test/beta/game_controlunit/frame_rate2/out1_carry_i_27_n_0.  Did not re-place instance cu_test/beta/game_controlunit/frame_rate2/out1_carry_i_27
INFO: [Physopt 32-702] Processed net cu_test/beta/game_controlunit/frame_rate2/out1_carry_i_27_n_0. Optimizations did not improve timing on the net.
INFO: [Physopt 32-662] Processed net cu_test/beta/game_controlunit/frame_rate2/M_stage_q_reg[3]_7.  Did not re-place instance cu_test/beta/game_controlunit/frame_rate2/M_gamestate_q[1]_i_6
INFO: [Physopt 32-702] Processed net cu_test/beta/game_controlunit/frame_rate2/M_stage_q_reg[3]_7. Optimizations did not improve timing on the net.
INFO: [Physopt 32-662] Processed net cu_test/beta/game_controlunit/frame_rate2/M_gamestate_q[1]_i_12_n_0.  Did not re-place instance cu_test/beta/game_controlunit/frame_rate2/M_gamestate_q[1]_i_12
INFO: [Physopt 32-702] Processed net cu_test/beta/game_controlunit/frame_rate2/M_gamestate_q[1]_i_12_n_0. Optimizations did not improve timing on the net.
INFO: [Physopt 32-662] Processed net cu_test/beta/game_controlunit/out1_carry_i_23_n_0.  Did not re-place instance cu_test/beta/game_controlunit/out1_carry_i_23
INFO: [Physopt 32-702] Processed net cu_test/beta/game_controlunit/out1_carry_i_23_n_0. Optimizations did not improve timing on the net.
INFO: [Physopt 32-662] Processed net cu_test/beta/game_controlunit/FSM_onehot_M_game_fsm_q[41]_i_9_n_0.  Did not re-place instance cu_test/beta/game_controlunit/FSM_onehot_M_game_fsm_q[41]_i_9
INFO: [Physopt 32-702] Processed net cu_test/beta/game_controlunit/FSM_onehot_M_game_fsm_q[41]_i_9_n_0. Optimizations did not improve timing on the net.
INFO: [Physopt 32-662] Processed net cu_test/beta/game_controlunit/FSM_onehot_M_game_fsm_q[48]_i_32_n_0.  Did not re-place instance cu_test/beta/game_controlunit/FSM_onehot_M_game_fsm_q[48]_i_32
INFO: [Physopt 32-735] Processed net cu_test/beta/game_controlunit/FSM_onehot_M_game_fsm_q[48]_i_32_n_0. Optimization improves timing on the net.
INFO: [Physopt 32-619] Estimated Timing Summary | WNS=-0.124 | TNS=-3.082 |
INFO: [Physopt 32-663] Processed net cu_test/beta/game_controlunit/FSM_onehot_M_game_fsm_q_reg_n_0_[28].  Re-placed instance cu_test/beta/game_controlunit/FSM_onehot_M_game_fsm_q_reg[28]
INFO: [Physopt 32-735] Processed net cu_test/beta/game_controlunit/FSM_onehot_M_game_fsm_q_reg_n_0_[28]. Optimization improves timing on the net.
INFO: [Physopt 32-619] Estimated Timing Summary | WNS=-0.095 | TNS=-1.805 |
INFO: [Physopt 32-663] Processed net cu_test/beta/game_controlunit/FSM_onehot_M_game_fsm_q_reg_n_0_[42].  Re-placed instance cu_test/beta/game_controlunit/FSM_onehot_M_game_fsm_q_reg[42]
INFO: [Physopt 32-735] Processed net cu_test/beta/game_controlunit/FSM_onehot_M_game_fsm_q_reg_n_0_[42]. Optimization improves timing on the net.
INFO: [Physopt 32-619] Estimated Timing Summary | WNS=-0.076 | TNS=-1.323 |
INFO: [Physopt 32-663] Processed net cu_test/beta/game_controlunit/FSM_onehot_M_game_fsm_q_reg_n_0_[25].  Re-placed instance cu_test/beta/game_controlunit/FSM_onehot_M_game_fsm_q_reg[25]
INFO: [Physopt 32-735] Processed net cu_test/beta/game_controlunit/FSM_onehot_M_game_fsm_q_reg_n_0_[25]. Optimization improves timing on the net.
INFO: [Physopt 32-619] Estimated Timing Summary | WNS=-0.072 | TNS=-1.191 |
INFO: [Physopt 32-663] Processed net cu_test/beta/game_controlunit/FSM_onehot_M_game_fsm_q_reg_n_0_[37].  Re-placed instance cu_test/beta/game_controlunit/FSM_onehot_M_game_fsm_q_reg[37]
INFO: [Physopt 32-735] Processed net cu_test/beta/game_controlunit/FSM_onehot_M_game_fsm_q_reg_n_0_[37]. Optimization improves timing on the net.
INFO: [Physopt 32-619] Estimated Timing Summary | WNS=-0.064 | TNS=-0.637 |
INFO: [Physopt 32-662] Processed net cu_test/beta/game_controlunit/FSM_onehot_M_game_fsm_q_reg_n_0_[36].  Did not re-place instance cu_test/beta/game_controlunit/FSM_onehot_M_game_fsm_q_reg[36]
INFO: [Physopt 32-702] Processed net cu_test/beta/game_controlunit/FSM_onehot_M_game_fsm_q_reg_n_0_[36]. Optimizations did not improve timing on the net.
INFO: [Physopt 32-662] Processed net cu_test/beta/players/M_last_q_reg.  Did not re-place instance cu_test/beta/players/M_state_counter_q[5]_i_6
INFO: [Physopt 32-702] Processed net cu_test/beta/players/M_last_q_reg. Optimizations did not improve timing on the net.
INFO: [Physopt 32-662] Processed net cu_test/beta/players/FSM_onehot_M_game_fsm_q[41]_i_6_n_0.  Did not re-place instance cu_test/beta/players/FSM_onehot_M_game_fsm_q[41]_i_6
INFO: [Physopt 32-702] Processed net cu_test/beta/players/FSM_onehot_M_game_fsm_q[41]_i_6_n_0. Optimizations did not improve timing on the net.
INFO: [Physopt 32-662] Processed net cu_test/beta/game_controlunit/M_stage_q_reg[3]_13.  Did not re-place instance cu_test/beta/game_controlunit/FSM_onehot_M_game_fsm_q[48]_i_27
INFO: [Physopt 32-702] Processed net cu_test/beta/game_controlunit/M_stage_q_reg[3]_13. Optimizations did not improve timing on the net.
INFO: [Physopt 32-662] Processed net cu_test/beta/game_controlunit/out1_carry__2_i_45_n_0.  Did not re-place instance cu_test/beta/game_controlunit/out1_carry__2_i_45
INFO: [Physopt 32-702] Processed net cu_test/beta/game_controlunit/out1_carry__2_i_45_n_0. Optimizations did not improve timing on the net.
INFO: [Physopt 32-662] Processed net cu_test/beta/game_controlunit/frame_rate2/M_stage_q_reg[3]_0[9].  Did not re-place instance cu_test/beta/game_controlunit/frame_rate2/M_gamestate_r0_q[9]_i_1
INFO: [Physopt 32-702] Processed net cu_test/beta/game_controlunit/frame_rate2/M_stage_q_reg[3]_0[9]. Optimizations did not improve timing on the net.
INFO: [Physopt 32-702] Processed net clk_IBUF. Optimizations did not improve timing on the net.
INFO: [Physopt 32-702] Processed net clk. Optimizations did not improve timing on the net.
INFO: [Physopt 32-619] Estimated Timing Summary | WNS=-0.064 | TNS=-0.637 |
Phase 4 Critical Path Optimization | Checksum: 1c376cbf7

Time (s): cpu = 00:00:13 ; elapsed = 00:00:08 . Memory (MB): peak = 1500.246 ; gain = 0.000
Netlist sorting complete. Time (s): cpu = 00:00:00 ; elapsed = 00:00:00.007 . Memory (MB): peak = 1500.246 ; gain = 0.000
INFO: [Physopt 32-603] Post Physical Optimization Timing Summary | WNS=-0.064 | TNS=-0.637 |

Summary of Physical Synthesis Optimizations
============================================


-------------------------------------------------------------------------------------------------------------------------------------------------------------
|  Optimization   |  WNS Gain (ns)  |  TNS Gain (ns)  |  Added Cells  |  Removed Cells  |  Optimized Cells/Nets  |  Dont Touch  |  Iterations  |  Elapsed   |
-------------------------------------------------------------------------------------------------------------------------------------------------------------
|  DSP Register   |          0.000  |          0.000  |            0  |              0  |                     0  |           0  |           1  |  00:00:00  |
|  Critical Path  |          0.516  |         26.724  |            0  |              0  |                    83  |           0  |           2  |  00:00:08  |
|  Total          |          0.516  |         26.724  |            0  |              0  |                    83  |           0  |           3  |  00:00:08  |
-------------------------------------------------------------------------------------------------------------------------------------------------------------


Netlist sorting complete. Time (s): cpu = 00:00:00 ; elapsed = 00:00:00.001 . Memory (MB): peak = 1500.246 ; gain = 0.000
Ending Physical Synthesis Task | Checksum: 191dfb4a4

Time (s): cpu = 00:00:13 ; elapsed = 00:00:08 . Memory (MB): peak = 1500.246 ; gain = 0.000
INFO: [Common 17-83] Releasing license: Implementation
425 Infos, 0 Warnings, 0 Critical Warnings and 0 Errors encountered.
phys_opt_design completed successfully
phys_opt_design: Time (s): cpu = 00:00:13 ; elapsed = 00:00:08 . Memory (MB): peak = 1500.246 ; gain = 0.000
INFO: [Timing 38-480] Writing timing data to binary archive.
Writing placer database...
Writing XDEF routing.
Writing XDEF routing logical nets.
Writing XDEF routing special nets.
Write XDEF Complete: Time (s): cpu = 00:00:01 ; elapsed = 00:00:00.213 . Memory (MB): peak = 1500.246 ; gain = 0.000
INFO: [Common 17-1381] The checkpoint 'C:/Users/cajhm/OneDrive - Singapore University of Technology and Design/Y2T4/compstruct1d/stackergame_latest/work/vivado/stackergame_latest/stackergame_latest.runs/impl_1/au_top_0_physopt.dcp' has been generated.
Command: route_design
Attempting to get a license for feature 'Implementation' and/or device 'xc7a35t'
INFO: [Common 17-349] Got license for feature 'Implementation' and/or device 'xc7a35t'
INFO: [DRC 23-27] Running DRC with 2 threads
INFO: [Vivado_Tcl 4-198] DRC finished with 0 Errors
INFO: [Vivado_Tcl 4-199] Please refer to the DRC report (report_drc) for more information.
Running DRC as a precondition to command route_design
INFO: [DRC 23-27] Running DRC with 2 threads
INFO: [Vivado_Tcl 4-198] DRC finished with 0 Errors
INFO: [Vivado_Tcl 4-199] Please refer to the DRC report (report_drc) for more information.


Starting Routing Task
INFO: [Route 35-254] Multithreading enabled for route_design using a maximum of 2 CPUs
Checksum: PlaceDB: ab2e47cb ConstDB: 0 ShapeSum: b6a6d34b RouteDB: 0

Phase 1 Build RT Design
Phase 1 Build RT Design | Checksum: c2504b07

Time (s): cpu = 00:00:24 ; elapsed = 00:00:22 . Memory (MB): peak = 1596.082 ; gain = 83.957
Post Restoration Checksum: NetGraph: 978ccfb8 NumContArr: 2ac37b4f Constraints: 0 Timing: 0

Phase 2 Router Initialization

Phase 2.1 Create Timer
Phase 2.1 Create Timer | Checksum: c2504b07

Time (s): cpu = 00:00:24 ; elapsed = 00:00:22 . Memory (MB): peak = 1596.094 ; gain = 83.969

Phase 2.2 Fix Topology Constraints
Phase 2.2 Fix Topology Constraints | Checksum: c2504b07

Time (s): cpu = 00:00:24 ; elapsed = 00:00:22 . Memory (MB): peak = 1602.094 ; gain = 89.969

Phase 2.3 Pre Route Cleanup
Phase 2.3 Pre Route Cleanup | Checksum: c2504b07

Time (s): cpu = 00:00:24 ; elapsed = 00:00:22 . Memory (MB): peak = 1602.094 ; gain = 89.969
 Number of Nodes with overlaps = 0

Phase 2.4 Update Timing
Phase 2.4 Update Timing | Checksum: 17a1f5100

Time (s): cpu = 00:00:25 ; elapsed = 00:00:22 . Memory (MB): peak = 1612.945 ; gain = 100.820
INFO: [Route 35-416] Intermediate Timing Summary | WNS=0.157  | TNS=0.000  | WHS=-0.102 | THS=-1.957 |

Phase 2 Router Initialization | Checksum: 1d0e4ec36

Time (s): cpu = 00:00:25 ; elapsed = 00:00:22 . Memory (MB): peak = 1612.945 ; gain = 100.820

Router Utilization Summary
  Global Vertical Routing Utilization    = 0 %
  Global Horizontal Routing Utilization  = 0 %
  Routable Net Status*
  *Does not include unroutable nets such as driverless and loadless.
  Run report_route_status for detailed report.
  Number of Failed Nets               = 1189
    (Failed Nets is the sum of unrouted and partially routed nets)
  Number of Unrouted Nets             = 1189
  Number of Partially Routed Nets     = 0
  Number of Node Overlaps             = 0


Phase 3 Initial Routing

Phase 3.1 Global Routing
Phase 3.1 Global Routing | Checksum: 1d0e4ec36

Time (s): cpu = 00:00:25 ; elapsed = 00:00:22 . Memory (MB): peak = 1613.746 ; gain = 101.621
Phase 3 Initial Routing | Checksum: 2070a80b1

Time (s): cpu = 00:00:26 ; elapsed = 00:00:23 . Memory (MB): peak = 1613.746 ; gain = 101.621

Phase 4 Rip-up And Reroute

Phase 4.1 Global Iteration 0
 Number of Nodes with overlaps = 650
 Number of Nodes with overlaps = 254
 Number of Nodes with overlaps = 128
 Number of Nodes with overlaps = 86
 Number of Nodes with overlaps = 61
 Number of Nodes with overlaps = 49
 Number of Nodes with overlaps = 24
 Number of Nodes with overlaps = 22
 Number of Nodes with overlaps = 12
 Number of Nodes with overlaps = 5
 Number of Nodes with overlaps = 0
INFO: [Route 35-416] Intermediate Timing Summary | WNS=-1.319 | TNS=-154.688| WHS=N/A    | THS=N/A    |

Phase 4.1 Global Iteration 0 | Checksum: 20048bdd3

Time (s): cpu = 00:00:38 ; elapsed = 00:00:31 . Memory (MB): peak = 1613.746 ; gain = 101.621

Phase 4.2 Global Iteration 1
 Number of Nodes with overlaps = 315
 Number of Nodes with overlaps = 169
 Number of Nodes with overlaps = 113
 Number of Nodes with overlaps = 64
 Number of Nodes with overlaps = 44
 Number of Nodes with overlaps = 15
 Number of Nodes with overlaps = 8
 Number of Nodes with overlaps = 11
 Number of Nodes with overlaps = 8
 Number of Nodes with overlaps = 8
 Number of Nodes with overlaps = 6
 Number of Nodes with overlaps = 8
 Number of Nodes with overlaps = 5
 Number of Nodes with overlaps = 2
 Number of Nodes with overlaps = 2
 Number of Nodes with overlaps = 1
 Number of Nodes with overlaps = 1
 Number of Nodes with overlaps = 1
 Number of Nodes with overlaps = 0
INFO: [Route 35-416] Intermediate Timing Summary | WNS=-1.216 | TNS=-138.623| WHS=N/A    | THS=N/A    |

Phase 4.2 Global Iteration 1 | Checksum: 1d6c7f72a

Time (s): cpu = 00:00:51 ; elapsed = 00:00:40 . Memory (MB): peak = 1613.746 ; gain = 101.621

Phase 4.3 Global Iteration 2
 Number of Nodes with overlaps = 329
 Number of Nodes with overlaps = 117
 Number of Nodes with overlaps = 80
 Number of Nodes with overlaps = 57
 Number of Nodes with overlaps = 37
 Number of Nodes with overlaps = 33
 Number of Nodes with overlaps = 24
 Number of Nodes with overlaps = 5
 Number of Nodes with overlaps = 6
 Number of Nodes with overlaps = 6
 Number of Nodes with overlaps = 4
 Number of Nodes with overlaps = 3
 Number of Nodes with overlaps = 2
 Number of Nodes with overlaps = 2
 Number of Nodes with overlaps = 0
INFO: [Route 35-416] Intermediate Timing Summary | WNS=-1.138 | TNS=-117.403| WHS=N/A    | THS=N/A    |

Phase 4.3 Global Iteration 2 | Checksum: 206735123

Time (s): cpu = 00:01:01 ; elapsed = 00:00:46 . Memory (MB): peak = 1613.746 ; gain = 101.621

Phase 4.4 Global Iteration 3
 Number of Nodes with overlaps = 239
 Number of Nodes with overlaps = 159
 Number of Nodes with overlaps = 102
 Number of Nodes with overlaps = 69
 Number of Nodes with overlaps = 23
 Number of Nodes with overlaps = 15
 Number of Nodes with overlaps = 11
 Number of Nodes with overlaps = 9
 Number of Nodes with overlaps = 14
 Number of Nodes with overlaps = 1
 Number of Nodes with overlaps = 0
INFO: [Route 35-416] Intermediate Timing Summary | WNS=-1.192 | TNS=-133.097| WHS=N/A    | THS=N/A    |

Phase 4.4 Global Iteration 3 | Checksum: 11361174a

Time (s): cpu = 00:01:10 ; elapsed = 00:00:53 . Memory (MB): peak = 1613.746 ; gain = 101.621
Phase 4 Rip-up And Reroute | Checksum: 11361174a

Time (s): cpu = 00:01:10 ; elapsed = 00:00:53 . Memory (MB): peak = 1613.746 ; gain = 101.621

Phase 5 Delay and Skew Optimization

Phase 5.1 Delay CleanUp

Phase 5.1.1 Update Timing
Phase 5.1.1 Update Timing | Checksum: 1c4f5a68e

Time (s): cpu = 00:01:11 ; elapsed = 00:00:53 . Memory (MB): peak = 1613.746 ; gain = 101.621
INFO: [Route 35-416] Intermediate Timing Summary | WNS=-1.058 | TNS=-102.294| WHS=N/A    | THS=N/A    |

 Number of Nodes with overlaps = 0
Phase 5.1 Delay CleanUp | Checksum: 1a492ee72

Time (s): cpu = 00:01:11 ; elapsed = 00:00:53 . Memory (MB): peak = 1613.746 ; gain = 101.621

Phase 5.2 Clock Skew Optimization
Phase 5.2 Clock Skew Optimization | Checksum: 1a492ee72

Time (s): cpu = 00:01:11 ; elapsed = 00:00:53 . Memory (MB): peak = 1613.746 ; gain = 101.621
Phase 5 Delay and Skew Optimization | Checksum: 1a492ee72

Time (s): cpu = 00:01:11 ; elapsed = 00:00:53 . Memory (MB): peak = 1613.746 ; gain = 101.621

Phase 6 Post Hold Fix

Phase 6.1 Hold Fix Iter

Phase 6.1.1 Update Timing
Phase 6.1.1 Update Timing | Checksum: 1fc8ff9e5

Time (s): cpu = 00:01:11 ; elapsed = 00:00:53 . Memory (MB): peak = 1613.746 ; gain = 101.621
INFO: [Route 35-416] Intermediate Timing Summary | WNS=-1.058 | TNS=-100.262| WHS=0.150  | THS=0.000  |

Phase 6.1 Hold Fix Iter | Checksum: 1fc8ff9e5

Time (s): cpu = 00:01:11 ; elapsed = 00:00:53 . Memory (MB): peak = 1613.746 ; gain = 101.621
Phase 6 Post Hold Fix | Checksum: 1fc8ff9e5

Time (s): cpu = 00:01:11 ; elapsed = 00:00:53 . Memory (MB): peak = 1613.746 ; gain = 101.621

Phase 7 Route finalize

Router Utilization Summary
  Global Vertical Routing Utilization    = 0.78793 %
  Global Horizontal Routing Utilization  = 0.818063 %
  Routable Net Status*
  *Does not include unroutable nets such as driverless and loadless.
  Run report_route_status for detailed report.
  Number of Failed Nets               = 0
    (Failed Nets is the sum of unrouted and partially routed nets)
  Number of Unrouted Nets             = 0
  Number of Partially Routed Nets     = 0
  Number of Node Overlaps             = 0

Congestion Report
North Dir 1x1 Area, Max Cong = 55.8559%, No Congested Regions.
South Dir 1x1 Area, Max Cong = 62.1622%, No Congested Regions.
East Dir 1x1 Area, Max Cong = 48.5294%, No Congested Regions.
West Dir 1x1 Area, Max Cong = 72.0588%, No Congested Regions.

------------------------------
Reporting congestion hotspots
------------------------------
Direction: North
----------------
Congested clusters found at Level 0
Effective congestion level: 0 Aspect Ratio: 1 Sparse Ratio: 0
Direction: South
----------------
Congested clusters found at Level 0
Effective congestion level: 0 Aspect Ratio: 1 Sparse Ratio: 0
Direction: East
----------------
Congested clusters found at Level 0
Effective congestion level: 0 Aspect Ratio: 1 Sparse Ratio: 0
Direction: West
----------------
Congested clusters found at Level 0
Effective congestion level: 0 Aspect Ratio: 1 Sparse Ratio: 0

Phase 7 Route finalize | Checksum: 249a67682

Time (s): cpu = 00:01:11 ; elapsed = 00:00:53 . Memory (MB): peak = 1613.746 ; gain = 101.621

Phase 8 Verifying routed nets

 Verification completed successfully
Phase 8 Verifying routed nets | Checksum: 249a67682

Time (s): cpu = 00:01:11 ; elapsed = 00:00:53 . Memory (MB): peak = 1614.387 ; gain = 102.262

Phase 9 Depositing Routes
Phase 9 Depositing Routes | Checksum: 2bd12fe4f

Time (s): cpu = 00:01:11 ; elapsed = 00:00:54 . Memory (MB): peak = 1614.387 ; gain = 102.262

Phase 10 Post Router Timing
INFO: [Route 35-57] Estimated Timing Summary | WNS=-1.058 | TNS=-100.262| WHS=0.150  | THS=0.000  |

WARNING: [Route 35-328] Router estimated timing not met.
Resolution: For a complete and accurate timing signoff, report_timing_summary must be run after route_design. Alternatively, route_design can be run with the -timing_summary option to enable a complete timing signoff at the end of route_design.
Phase 10 Post Router Timing | Checksum: 2bd12fe4f

Time (s): cpu = 00:01:11 ; elapsed = 00:00:54 . Memory (MB): peak = 1614.387 ; gain = 102.262
INFO: [Route 35-16] Router Completed Successfully

Time (s): cpu = 00:01:11 ; elapsed = 00:00:54 . Memory (MB): peak = 1614.387 ; gain = 102.262

Routing Is Done.
INFO: [Common 17-83] Releasing license: Implementation
445 Infos, 1 Warnings, 0 Critical Warnings and 0 Errors encountered.
route_design completed successfully
route_design: Time (s): cpu = 00:01:14 ; elapsed = 00:00:55 . Memory (MB): peak = 1614.387 ; gain = 114.141
INFO: [Timing 38-480] Writing timing data to binary archive.
Writing placer database...
Writing XDEF routing.
Writing XDEF routing logical nets.
Writing XDEF routing special nets.
Write XDEF Complete: Time (s): cpu = 00:00:01 ; elapsed = 00:00:00.428 . Memory (MB): peak = 1624.258 ; gain = 9.871
INFO: [Common 17-1381] The checkpoint 'C:/Users/cajhm/OneDrive - Singapore University of Technology and Design/Y2T4/compstruct1d/stackergame_latest/work/vivado/stackergame_latest/stackergame_latest.runs/impl_1/au_top_0_routed.dcp' has been generated.
INFO: [runtcl-4] Executing : report_drc -file au_top_0_drc_routed.rpt -pb au_top_0_drc_routed.pb -rpx au_top_0_drc_routed.rpx
Command: report_drc -file au_top_0_drc_routed.rpt -pb au_top_0_drc_routed.pb -rpx au_top_0_drc_routed.rpx
INFO: [IP_Flow 19-1839] IP Catalog is up to date.
INFO: [DRC 23-27] Running DRC with 2 threads
INFO: [Coretcl 2-168] The results of DRC are in file C:/Users/cajhm/OneDrive - Singapore University of Technology and Design/Y2T4/compstruct1d/stackergame_latest/work/vivado/stackergame_latest/stackergame_latest.runs/impl_1/au_top_0_drc_routed.rpt.
report_drc completed successfully
INFO: [runtcl-4] Executing : report_methodology -file au_top_0_methodology_drc_routed.rpt -pb au_top_0_methodology_drc_routed.pb -rpx au_top_0_methodology_drc_routed.rpx
Command: report_methodology -file au_top_0_methodology_drc_routed.rpt -pb au_top_0_methodology_drc_routed.pb -rpx au_top_0_methodology_drc_routed.rpx
INFO: [Timing 38-35] Done setting XDC timing constraints.
INFO: [DRC 23-133] Running Methodology with 2 threads
INFO: [Coretcl 2-1520] The results of Report Methodology are in file C:/Users/cajhm/OneDrive - Singapore University of Technology and Design/Y2T4/compstruct1d/stackergame_latest/work/vivado/stackergame_latest/stackergame_latest.runs/impl_1/au_top_0_methodology_drc_routed.rpt.
report_methodology completed successfully
INFO: [runtcl-4] Executing : report_power -file au_top_0_power_routed.rpt -pb au_top_0_power_summary_routed.pb -rpx au_top_0_power_routed.rpx
Command: report_power -file au_top_0_power_routed.rpt -pb au_top_0_power_summary_routed.pb -rpx au_top_0_power_routed.rpx
INFO: [Timing 38-35] Done setting XDC timing constraints.
Running Vector-less Activity Propagation...

Finished Running Vector-less Activity Propagation
457 Infos, 1 Warnings, 0 Critical Warnings and 0 Errors encountered.
report_power completed successfully
INFO: [runtcl-4] Executing : report_route_status -file au_top_0_route_status.rpt -pb au_top_0_route_status.pb
INFO: [runtcl-4] Executing : report_timing_summary -max_paths 10 -file au_top_0_timing_summary_routed.rpt -pb au_top_0_timing_summary_routed.pb -rpx au_top_0_timing_summary_routed.rpx -warn_on_violation 
INFO: [Timing 38-91] UpdateTimingParams: Speed grade: -1, Delay Type: min_max.
INFO: [Timing 38-191] Multithreading enabled for timing update using a maximum of 2 CPUs
CRITICAL WARNING: [Timing 38-282] The design failed to meet the timing requirements. Please see the timing summary report for details on the timing violations.
INFO: [runtcl-4] Executing : report_incremental_reuse -file au_top_0_incremental_reuse_routed.rpt
INFO: [Vivado_Tcl 4-1062] Incremental flow is disabled. No incremental reuse Info to report.
INFO: [runtcl-4] Executing : report_clock_utilization -file au_top_0_clock_utilization_routed.rpt
INFO: [runtcl-4] Executing : report_bus_skew -warn_on_violation -file au_top_0_bus_skew_routed.rpt -pb au_top_0_bus_skew_routed.pb -rpx au_top_0_bus_skew_routed.rpx
INFO: [Timing 38-91] UpdateTimingParams: Speed grade: -1, Delay Type: min_max.
INFO: [Timing 38-191] Multithreading enabled for timing update using a maximum of 2 CPUs
Command: write_bitstream -force au_top_0.bit -bin_file
Attempting to get a license for feature 'Implementation' and/or device 'xc7a35t'
INFO: [Common 17-349] Got license for feature 'Implementation' and/or device 'xc7a35t'
Running DRC as a precondition to command write_bitstream
INFO: [IP_Flow 19-1839] IP Catalog is up to date.
INFO: [DRC 23-27] Running DRC with 2 threads
INFO: [Vivado 12-3199] DRC finished with 0 Errors
INFO: [Vivado 12-3200] Please refer to the DRC report (report_drc) for more information.
INFO: [Designutils 20-2272] Running write_bitstream with 2 threads.
Loading data files...
Loading site data...
Loading route data...
Processing options...
Creating bitmap...
Creating bitstream...
Bitstream compression saved 13520672 bits.
Writing bitstream ./au_top_0.bit...
Writing bitstream ./au_top_0.bin...
INFO: [Vivado 12-1842] Bitgen Completed Successfully.
INFO: [Project 1-120] WebTalk data collection is mandatory when using a WebPACK part without a full Vivado license. To see the specific WebTalk data collected for your design, open the usage_statistics_webtalk.html or usage_statistics_webtalk.xml file in the implementation directory.
Access is denied.
Access is denied.
INFO: [Common 17-83] Releasing license: Implementation
12 Infos, 0 Warnings, 0 Critical Warnings and 0 Errors encountered.
write_bitstream completed successfully
write_bitstream: Time (s): cpu = 00:00:16 ; elapsed = 00:00:14 . Memory (MB): peak = 2087.891 ; gain = 431.160
INFO: [Common 17-206] Exiting Vivado at Sat Apr 16 17:20:39 2022...
